mode: atomic
github.com/thrasher-/gocryptotrader/common/convert/convert.go:10.56,12.9 2 3
github.com/thrasher-/gocryptotrader/common/convert/convert.go:15.2,16.16 2 2
github.com/thrasher-/gocryptotrader/common/convert/convert.go:19.2,19.17 1 1
github.com/thrasher-/gocryptotrader/common/convert/convert.go:12.9,14.3 1 1
github.com/thrasher-/gocryptotrader/common/convert/convert.go:16.16,18.3 1 1
github.com/thrasher-/gocryptotrader/common/convert/convert.go:23.50,25.9 2 3
github.com/thrasher-/gocryptotrader/common/convert/convert.go:28.2,29.16 2 2
github.com/thrasher-/gocryptotrader/common/convert/convert.go:32.2,32.15 1 1
github.com/thrasher-/gocryptotrader/common/convert/convert.go:25.9,27.3 1 1
github.com/thrasher-/gocryptotrader/common/convert/convert.go:29.16,31.3 1 1
github.com/thrasher-/gocryptotrader/common/convert/convert.go:36.54,38.9 2 3
github.com/thrasher-/gocryptotrader/common/convert/convert.go:41.2,42.16 2 2
github.com/thrasher-/gocryptotrader/common/convert/convert.go:45.2,45.15 1 1
github.com/thrasher-/gocryptotrader/common/convert/convert.go:38.9,40.3 1 1
github.com/thrasher-/gocryptotrader/common/convert/convert.go:42.16,44.3 1 1
github.com/thrasher-/gocryptotrader/common/convert/convert.go:49.69,51.9 2 2
github.com/thrasher-/gocryptotrader/common/convert/convert.go:54.2,54.61 1 1
github.com/thrasher-/gocryptotrader/common/convert/convert.go:51.9,53.3 1 1
github.com/thrasher-/gocryptotrader/common/convert/convert.go:58.53,60.2 1 1
github.com/thrasher-/gocryptotrader/common/convert/convert.go:63.64,65.16 2 2
github.com/thrasher-/gocryptotrader/common/convert/convert.go:68.2,68.29 1 1
github.com/thrasher-/gocryptotrader/common/convert/convert.go:65.16,67.3 1 1
github.com/thrasher-/gocryptotrader/common/convert/convert.go:72.36,74.2 1 1
github.com/thrasher-/gocryptotrader/common/convert/convert.go:77.40,79.2 1 1
github.com/thrasher-/gocryptotrader/common/crypto/crypto.go:27.45,29.2 1 4
github.com/thrasher-/gocryptotrader/common/crypto/crypto.go:32.49,34.16 2 2
github.com/thrasher-/gocryptotrader/common/crypto/crypto.go:37.2,37.20 1 1
github.com/thrasher-/gocryptotrader/common/crypto/crypto.go:34.16,36.3 1 1
github.com/thrasher-/gocryptotrader/common/crypto/crypto.go:41.40,43.2 1 1
github.com/thrasher-/gocryptotrader/common/crypto/crypto.go:46.63,47.18 1 3
github.com/thrasher-/gocryptotrader/common/crypto/crypto.go:50.2,51.58 2 2
github.com/thrasher-/gocryptotrader/common/crypto/crypto.go:55.2,56.18 2 2
github.com/thrasher-/gocryptotrader/common/crypto/crypto.go:59.2,60.20 2 2
github.com/thrasher-/gocryptotrader/common/crypto/crypto.go:47.18,49.3 1 1
github.com/thrasher-/gocryptotrader/common/crypto/crypto.go:51.58,53.3 1 0
github.com/thrasher-/gocryptotrader/common/crypto/crypto.go:56.18,58.3 1 1
github.com/thrasher-/gocryptotrader/common/crypto/crypto.go:64.34,68.2 3 1
github.com/thrasher-/gocryptotrader/common/crypto/crypto.go:71.37,75.2 3 1
github.com/thrasher-/gocryptotrader/common/crypto/crypto.go:78.37,82.2 3 1
github.com/thrasher-/gocryptotrader/common/crypto/crypto.go:86.54,89.18 2 5
github.com/thrasher-/gocryptotrader/common/crypto/crypto.go:102.2,104.19 3 5
github.com/thrasher-/gocryptotrader/common/crypto/crypto.go:90.16,91.20 1 1
github.com/thrasher-/gocryptotrader/common/crypto/crypto.go:92.18,93.22 1 1
github.com/thrasher-/gocryptotrader/common/crypto/crypto.go:94.18,95.22 1 1
github.com/thrasher-/gocryptotrader/common/crypto/crypto.go:96.22,97.25 1 1
github.com/thrasher-/gocryptotrader/common/crypto/crypto.go:98.15,99.19 1 1
github.com/thrasher-/gocryptotrader/common/crypto/crypto.go:109.36,113.2 3 1
github.com/thrasher-/gocryptotrader/common/math/math.go:6.58,8.2 1 1
github.com/thrasher-/gocryptotrader/common/math/math.go:11.48,13.2 1 2
github.com/thrasher-/gocryptotrader/common/math/math.go:17.73,19.2 1 1
github.com/thrasher-/gocryptotrader/common/math/math.go:23.74,25.2 1 1
github.com/thrasher-/gocryptotrader/common/math/math.go:28.77,30.2 1 1
github.com/thrasher-/gocryptotrader/common/math/math.go:33.46,40.16 7 2
github.com/thrasher-/gocryptotrader/common/math/math.go:44.2,44.15 1 2
github.com/thrasher-/gocryptotrader/common/math/math.go:50.2,50.22 1 2
github.com/thrasher-/gocryptotrader/common/math/math.go:40.16,43.3 2 1
github.com/thrasher-/gocryptotrader/common/math/math.go:44.15,46.3 1 1
github.com/thrasher-/gocryptotrader/common/math/math.go:46.8,48.3 1 1
github.com/thrasher-/gocryptotrader/cmd/config/config.go:13.44,14.13 1 2
github.com/thrasher-/gocryptotrader/cmd/config/config.go:17.2,17.20 1 1
github.com/thrasher-/gocryptotrader/cmd/config/config.go:14.13,16.3 1 1
github.com/thrasher-/gocryptotrader/cmd/config/config.go:20.13,26.16 5 0
github.com/thrasher-/gocryptotrader/cmd/config/config.go:30.2,38.15 7 0
github.com/thrasher-/gocryptotrader/cmd/config/config.go:46.2,47.16 2 0
github.com/thrasher-/gocryptotrader/cmd/config/config.go:51.2,51.40 1 0
github.com/thrasher-/gocryptotrader/cmd/config/config.go:56.2,56.42 1 0
github.com/thrasher-/gocryptotrader/cmd/config/config.go:66.2,67.13 2 0
github.com/thrasher-/gocryptotrader/cmd/config/config.go:79.2,80.16 2 0
github.com/thrasher-/gocryptotrader/cmd/config/config.go:83.2,86.3 1 0
github.com/thrasher-/gocryptotrader/cmd/config/config.go:26.16,28.3 1 0
github.com/thrasher-/gocryptotrader/cmd/config/config.go:38.15,40.18 2 0
github.com/thrasher-/gocryptotrader/cmd/config/config.go:43.3,43.23 1 0
github.com/thrasher-/gocryptotrader/cmd/config/config.go:40.18,42.4 1 0
github.com/thrasher-/gocryptotrader/cmd/config/config.go:47.16,49.3 1 0
github.com/thrasher-/gocryptotrader/cmd/config/config.go:51.40,54.3 2 0
github.com/thrasher-/gocryptotrader/cmd/config/config.go:56.42,59.18 3 0
github.com/thrasher-/gocryptotrader/cmd/config/config.go:62.3,63.17 2 0
github.com/thrasher-/gocryptotrader/cmd/config/config.go:59.18,61.4 1 0
github.com/thrasher-/gocryptotrader/cmd/config/config.go:67.13,69.17 2 0
github.com/thrasher-/gocryptotrader/cmd/config/config.go:69.17,71.4 1 0
github.com/thrasher-/gocryptotrader/cmd/config/config.go:72.8,74.17 2 0
github.com/thrasher-/gocryptotrader/cmd/config/config.go:74.17,76.4 1 0
github.com/thrasher-/gocryptotrader/cmd/config/config.go:80.16,82.3 1 0
github.com/thrasher-/gocryptotrader/cmd/portfolio/portfolio.go:20.47,24.37 3 0
github.com/thrasher-/gocryptotrader/cmd/portfolio/portfolio.go:24.37,28.17 2 0
github.com/thrasher-/gocryptotrader/cmd/portfolio/portfolio.go:28.17,30.4 1 0
github.com/thrasher-/gocryptotrader/cmd/portfolio/portfolio.go:30.9,32.18 2 0
github.com/thrasher-/gocryptotrader/cmd/portfolio/portfolio.go:32.18,37.5 1 0
github.com/thrasher-/gocryptotrader/cmd/portfolio/portfolio.go:37.10,43.5 1 0
github.com/thrasher-/gocryptotrader/cmd/portfolio/portfolio.go:48.69,50.26 2 0
github.com/thrasher-/gocryptotrader/cmd/portfolio/portfolio.go:56.2,56.13 1 0
github.com/thrasher-/gocryptotrader/cmd/portfolio/portfolio.go:50.26,55.3 3 0
github.com/thrasher-/gocryptotrader/cmd/portfolio/portfolio.go:56.13,58.3 1 0
github.com/thrasher-/gocryptotrader/cmd/portfolio/portfolio.go:58.8,60.3 1 0
github.com/thrasher-/gocryptotrader/cmd/portfolio/portfolio.go:63.13,67.16 3 0
github.com/thrasher-/gocryptotrader/cmd/portfolio/portfolio.go:72.2,80.16 7 0
github.com/thrasher-/gocryptotrader/cmd/portfolio/portfolio.go:84.2,104.34 13 0
github.com/thrasher-/gocryptotrader/cmd/portfolio/portfolio.go:109.2,110.16 2 0
github.com/thrasher-/gocryptotrader/cmd/portfolio/portfolio.go:115.2,120.34 5 0
github.com/thrasher-/gocryptotrader/cmd/portfolio/portfolio.go:152.2,155.33 4 0
github.com/thrasher-/gocryptotrader/cmd/portfolio/portfolio.go:158.2,168.42 8 0
github.com/thrasher-/gocryptotrader/cmd/portfolio/portfolio.go:180.2,181.41 2 0
github.com/thrasher-/gocryptotrader/cmd/portfolio/portfolio.go:67.16,70.3 2 0
github.com/thrasher-/gocryptotrader/cmd/portfolio/portfolio.go:80.16,83.3 2 0
github.com/thrasher-/gocryptotrader/cmd/portfolio/portfolio.go:104.34,105.30 1 0
github.com/thrasher-/gocryptotrader/cmd/portfolio/portfolio.go:105.30,107.4 1 0
github.com/thrasher-/gocryptotrader/cmd/portfolio/portfolio.go:110.16,113.3 2 0
github.com/thrasher-/gocryptotrader/cmd/portfolio/portfolio.go:120.34,125.37 4 0
github.com/thrasher-/gocryptotrader/cmd/portfolio/portfolio.go:149.3,150.23 2 0
github.com/thrasher-/gocryptotrader/cmd/portfolio/portfolio.go:125.37,126.30 1 0
github.com/thrasher-/gocryptotrader/cmd/portfolio/portfolio.go:126.30,128.19 2 0
github.com/thrasher-/gocryptotrader/cmd/portfolio/portfolio.go:128.19,130.6 1 0
github.com/thrasher-/gocryptotrader/cmd/portfolio/portfolio.go:130.11,133.6 2 0
github.com/thrasher-/gocryptotrader/cmd/portfolio/portfolio.go:134.10,136.5 1 0
github.com/thrasher-/gocryptotrader/cmd/portfolio/portfolio.go:137.9,142.19 5 0
github.com/thrasher-/gocryptotrader/cmd/portfolio/portfolio.go:142.19,144.5 1 0
github.com/thrasher-/gocryptotrader/cmd/portfolio/portfolio.go:144.10,147.5 2 0
github.com/thrasher-/gocryptotrader/cmd/portfolio/portfolio.go:155.33,157.3 1 0
github.com/thrasher-/gocryptotrader/cmd/portfolio/portfolio.go:168.42,171.20 3 0
github.com/thrasher-/gocryptotrader/cmd/portfolio/portfolio.go:177.3,177.56 1 0
github.com/thrasher-/gocryptotrader/cmd/portfolio/portfolio.go:171.20,176.4 3 0
github.com/thrasher-/gocryptotrader/cmd/portfolio/portfolio.go:181.41,184.23 3 0
github.com/thrasher-/gocryptotrader/cmd/portfolio/portfolio.go:190.3,190.46 1 0
github.com/thrasher-/gocryptotrader/cmd/portfolio/portfolio.go:184.23,189.4 3 0
github.com/thrasher-/gocryptotrader/communications/base/base.go:34.33,36.2 1 1
github.com/thrasher-/gocryptotrader/communications/base/base.go:40.35,42.2 1 1
github.com/thrasher-/gocryptotrader/communications/base/base.go:45.33,47.2 1 1
github.com/thrasher-/gocryptotrader/communications/base/base.go:50.35,54.2 1 0
github.com/thrasher-/gocryptotrader/communications/base/base_interface.go:26.24,28.19 2 1
github.com/thrasher-/gocryptotrader/communications/base/base_interface.go:28.19,29.46 1 4
github.com/thrasher-/gocryptotrader/communications/base/base_interface.go:29.46,31.18 2 1
github.com/thrasher-/gocryptotrader/communications/base/base_interface.go:35.4,35.75 1 1
github.com/thrasher-/gocryptotrader/communications/base/base_interface.go:31.18,33.13 2 0
github.com/thrasher-/gocryptotrader/communications/base/base_interface.go:41.39,42.19 1 1
github.com/thrasher-/gocryptotrader/communications/base/base_interface.go:42.19,43.45 1 4
github.com/thrasher-/gocryptotrader/communications/base/base_interface.go:43.45,45.18 2 1
github.com/thrasher-/gocryptotrader/communications/base/base_interface.go:45.18,48.5 1 0
github.com/thrasher-/gocryptotrader/communications/base/base_interface.go:54.51,56.19 2 0
github.com/thrasher-/gocryptotrader/communications/base/base_interface.go:62.2,62.15 1 0
github.com/thrasher-/gocryptotrader/communications/base/base_interface.go:56.19,61.3 1 0
github.com/thrasher-/gocryptotrader/communications/base/base_interface.go:68.55,70.19 2 0
github.com/thrasher-/gocryptotrader/communications/base/base_interface.go:76.2,76.16 1 0
github.com/thrasher-/gocryptotrader/communications/base/base_interface.go:79.2,79.12 1 0
github.com/thrasher-/gocryptotrader/communications/base/base_interface.go:70.19,71.45 1 0
github.com/thrasher-/gocryptotrader/communications/base/base_interface.go:71.45,74.4 2 0
github.com/thrasher-/gocryptotrader/communications/base/base_interface.go:76.16,78.3 1 0
github.com/thrasher-/gocryptotrader/common/common.go:47.37,49.2 1 0
github.com/thrasher-/gocryptotrader/common/common.go:51.29,53.23 1 10
github.com/thrasher-/gocryptotrader/common/common.go:53.23,55.3 1 1
github.com/thrasher-/gocryptotrader/common/common.go:60.61,63.2 2 1
github.com/thrasher-/gocryptotrader/common/common.go:67.62,69.25 2 1
github.com/thrasher-/gocryptotrader/common/common.go:86.2,86.13 1 1
github.com/thrasher-/gocryptotrader/common/common.go:69.25,70.29 1 2
github.com/thrasher-/gocryptotrader/common/common.go:82.3,82.13 1 2
github.com/thrasher-/gocryptotrader/common/common.go:70.29,72.30 2 3
github.com/thrasher-/gocryptotrader/common/common.go:78.4,78.14 1 3
github.com/thrasher-/gocryptotrader/common/common.go:72.30,73.17 1 3
github.com/thrasher-/gocryptotrader/common/common.go:73.17,75.11 2 2
github.com/thrasher-/gocryptotrader/common/common.go:78.14,80.5 1 1
github.com/thrasher-/gocryptotrader/common/common.go:82.13,84.4 1 1
github.com/thrasher-/gocryptotrader/common/common.go:90.64,93.2 2 2
github.com/thrasher-/gocryptotrader/common/common.go:96.63,97.26 1 2
github.com/thrasher-/gocryptotrader/common/common.go:102.2,102.14 1 1
github.com/thrasher-/gocryptotrader/common/common.go:97.26,98.28 1 7
github.com/thrasher-/gocryptotrader/common/common.go:98.28,100.4 1 1
github.com/thrasher-/gocryptotrader/common/common.go:107.74,108.26 1 2
github.com/thrasher-/gocryptotrader/common/common.go:113.2,113.14 1 1
github.com/thrasher-/gocryptotrader/common/common.go:108.26,109.45 1 7
github.com/thrasher-/gocryptotrader/common/common.go:109.45,111.4 1 1
github.com/thrasher-/gocryptotrader/common/common.go:118.75,119.32 1 2
github.com/thrasher-/gocryptotrader/common/common.go:124.2,124.14 1 1
github.com/thrasher-/gocryptotrader/common/common.go:119.32,120.71 1 4
github.com/thrasher-/gocryptotrader/common/common.go:120.71,122.4 1 1
github.com/thrasher-/gocryptotrader/common/common.go:129.39,130.15 1 2
github.com/thrasher-/gocryptotrader/common/common.go:133.2,133.19 1 1
github.com/thrasher-/gocryptotrader/common/common.go:130.15,132.3 1 1
github.com/thrasher-/gocryptotrader/common/common.go:139.65,140.33 1 8
github.com/thrasher-/gocryptotrader/common/common.go:141.13,142.74 1 2
github.com/thrasher-/gocryptotrader/common/common.go:143.13,144.75 1 3
github.com/thrasher-/gocryptotrader/common/common.go:145.13,146.60 1 2
github.com/thrasher-/gocryptotrader/common/common.go:147.10,148.54 1 1
github.com/thrasher-/gocryptotrader/common/common.go:153.33,154.70 1 3
github.com/thrasher-/gocryptotrader/common/common.go:157.2,157.14 1 1
github.com/thrasher-/gocryptotrader/common/common.go:154.70,156.3 1 2
github.com/thrasher-/gocryptotrader/common/common.go:162.105,165.90 2 6
github.com/thrasher-/gocryptotrader/common/common.go:169.2,172.16 3 5
github.com/thrasher-/gocryptotrader/common/common.go:176.2,176.28 1 4
github.com/thrasher-/gocryptotrader/common/common.go:180.2,180.63 1 4
github.com/thrasher-/gocryptotrader/common/common.go:184.2,185.16 2 4
github.com/thrasher-/gocryptotrader/common/common.go:189.2,192.16 3 3
github.com/thrasher-/gocryptotrader/common/common.go:196.2,196.30 1 3
github.com/thrasher-/gocryptotrader/common/common.go:165.90,167.3 1 1
github.com/thrasher-/gocryptotrader/common/common.go:172.16,174.3 1 1
github.com/thrasher-/gocryptotrader/common/common.go:176.28,178.3 1 4
github.com/thrasher-/gocryptotrader/common/common.go:180.63,182.3 1 0
github.com/thrasher-/gocryptotrader/common/common.go:185.16,187.3 1 1
github.com/thrasher-/gocryptotrader/common/common.go:192.16,194.3 1 0
github.com/thrasher-/gocryptotrader/common/common.go:202.95,203.15 1 5
github.com/thrasher-/gocryptotrader/common/common.go:207.2,210.16 3 5
github.com/thrasher-/gocryptotrader/common/common.go:214.2,214.27 1 4
github.com/thrasher-/gocryptotrader/common/common.go:218.2,219.16 2 3
github.com/thrasher-/gocryptotrader/common/common.go:223.2,223.15 1 3
github.com/thrasher-/gocryptotrader/common/common.go:227.2,229.16 2 3
github.com/thrasher-/gocryptotrader/common/common.go:236.2,236.12 1 2
github.com/thrasher-/gocryptotrader/common/common.go:203.15,205.3 1 1
github.com/thrasher-/gocryptotrader/common/common.go:210.16,212.3 1 1
github.com/thrasher-/gocryptotrader/common/common.go:214.27,216.3 1 1
github.com/thrasher-/gocryptotrader/common/common.go:219.16,221.3 1 0
github.com/thrasher-/gocryptotrader/common/common.go:223.15,225.3 1 1
github.com/thrasher-/gocryptotrader/common/common.go:229.16,231.17 2 2
github.com/thrasher-/gocryptotrader/common/common.go:231.17,233.4 1 1
github.com/thrasher-/gocryptotrader/common/common.go:240.48,242.2 1 2
github.com/thrasher-/gocryptotrader/common/common.go:245.52,246.65 1 4
github.com/thrasher-/gocryptotrader/common/common.go:249.2,249.33 1 3
github.com/thrasher-/gocryptotrader/common/common.go:246.65,248.3 1 1
github.com/thrasher-/gocryptotrader/common/common.go:254.64,256.21 2 1
github.com/thrasher-/gocryptotrader/common/common.go:259.2,259.10 1 1
github.com/thrasher-/gocryptotrader/common/common.go:256.21,258.3 1 1
github.com/thrasher-/gocryptotrader/common/common.go:263.41,265.16 2 3
github.com/thrasher-/gocryptotrader/common/common.go:268.2,268.13 1 2
github.com/thrasher-/gocryptotrader/common/common.go:265.16,267.3 1 1
github.com/thrasher-/gocryptotrader/common/common.go:272.35,276.2 3 1
github.com/thrasher-/gocryptotrader/common/common.go:279.56,281.16 2 2
github.com/thrasher-/gocryptotrader/common/common.go:288.2,289.16 2 1
github.com/thrasher-/gocryptotrader/common/common.go:292.2,295.30 3 1
github.com/thrasher-/gocryptotrader/common/common.go:281.16,283.20 2 2
github.com/thrasher-/gocryptotrader/common/common.go:283.20,285.4 1 1
github.com/thrasher-/gocryptotrader/common/common.go:289.16,291.3 1 0
github.com/thrasher-/gocryptotrader/common/common.go:299.48,301.2 1 2
github.com/thrasher-/gocryptotrader/common/common.go:304.36,306.16 2 3
github.com/thrasher-/gocryptotrader/common/common.go:309.2,309.25 1 2
github.com/thrasher-/gocryptotrader/common/common.go:312.2,312.18 1 1
github.com/thrasher-/gocryptotrader/common/common.go:306.16,308.3 1 1
github.com/thrasher-/gocryptotrader/common/common.go:309.25,311.3 1 1
github.com/thrasher-/gocryptotrader/common/common.go:316.42,318.16 2 1
github.com/thrasher-/gocryptotrader/common/common.go:321.2,321.30 1 1
github.com/thrasher-/gocryptotrader/common/common.go:318.16,320.3 1 0
github.com/thrasher-/gocryptotrader/common/common.go:327.43,328.22 1 3
github.com/thrasher-/gocryptotrader/common/common.go:332.2,333.16 2 3
github.com/thrasher-/gocryptotrader/common/common.go:337.2,338.16 2 0
github.com/thrasher-/gocryptotrader/common/common.go:342.2,342.46 1 0
github.com/thrasher-/gocryptotrader/common/common.go:328.22,330.3 1 0
github.com/thrasher-/gocryptotrader/common/common.go:333.16,335.3 1 3
github.com/thrasher-/gocryptotrader/common/common.go:338.16,341.3 2 0
github.com/thrasher-/gocryptotrader/common/common.go:346.34,348.25 2 3
github.com/thrasher-/gocryptotrader/common/common.go:352.2,353.31 2 2
github.com/thrasher-/gocryptotrader/common/common.go:348.25,350.3 1 1
github.com/thrasher-/gocryptotrader/common/common.go:357.41,358.87 1 2
github.com/thrasher-/gocryptotrader/common/common.go:358.87,359.17 1 22
github.com/thrasher-/gocryptotrader/common/common.go:362.3,362.33 1 21
github.com/thrasher-/gocryptotrader/common/common.go:365.3,365.13 1 20
github.com/thrasher-/gocryptotrader/common/common.go:359.17,361.4 1 1
github.com/thrasher-/gocryptotrader/common/common.go:362.33,364.4 1 1
github.com/thrasher-/gocryptotrader/communications/communications.go:20.73,21.25 1 2
github.com/thrasher-/gocryptotrader/communications/communications.go:25.2,26.32 2 1
github.com/thrasher-/gocryptotrader/communications/communications.go:32.2,32.33 1 1
github.com/thrasher-/gocryptotrader/communications/communications.go:38.2,38.28 1 1
github.com/thrasher-/gocryptotrader/communications/communications.go:44.2,44.29 1 1
github.com/thrasher-/gocryptotrader/communications/communications.go:50.2,51.19 2 1
github.com/thrasher-/gocryptotrader/communications/communications.go:21.25,23.3 1 1
github.com/thrasher-/gocryptotrader/communications/communications.go:26.32,30.3 3 1
github.com/thrasher-/gocryptotrader/communications/communications.go:32.33,36.3 3 1
github.com/thrasher-/gocryptotrader/communications/communications.go:38.28,42.3 3 1
github.com/thrasher-/gocryptotrader/communications/communications.go:44.29,48.3 3 1
github.com/thrasher-/gocryptotrader/communications/smsglobal/smsglobal.go:37.61,46.46 8 1
github.com/thrasher-/gocryptotrader/communications/smsglobal/smsglobal.go:59.2,59.23 1 1
github.com/thrasher-/gocryptotrader/communications/smsglobal/smsglobal.go:46.46,58.3 2 1
github.com/thrasher-/gocryptotrader/communications/smsglobal/smsglobal.go:63.40,65.2 1 0
github.com/thrasher-/gocryptotrader/communications/smsglobal/smsglobal.go:68.37,71.2 2 1
github.com/thrasher-/gocryptotrader/communications/smsglobal/smsglobal.go:74.55,76.2 1 1
github.com/thrasher-/gocryptotrader/communications/smsglobal/smsglobal.go:80.46,82.28 2 1
github.com/thrasher-/gocryptotrader/communications/smsglobal/smsglobal.go:87.2,87.16 1 1
github.com/thrasher-/gocryptotrader/communications/smsglobal/smsglobal.go:82.28,83.28 1 1
github.com/thrasher-/gocryptotrader/communications/smsglobal/smsglobal.go:83.28,85.4 1 1
github.com/thrasher-/gocryptotrader/communications/smsglobal/smsglobal.go:91.72,92.28 1 2
github.com/thrasher-/gocryptotrader/communications/smsglobal/smsglobal.go:97.2,97.38 1 1
github.com/thrasher-/gocryptotrader/communications/smsglobal/smsglobal.go:92.28,93.37 1 2
github.com/thrasher-/gocryptotrader/communications/smsglobal/smsglobal.go:93.37,95.4 1 1
github.com/thrasher-/gocryptotrader/communications/smsglobal/smsglobal.go:101.68,102.28 1 2
github.com/thrasher-/gocryptotrader/communications/smsglobal/smsglobal.go:107.2,107.38 1 1
github.com/thrasher-/gocryptotrader/communications/smsglobal/smsglobal.go:102.28,103.50 1 2
github.com/thrasher-/gocryptotrader/communications/smsglobal/smsglobal.go:103.50,105.4 1 1
github.com/thrasher-/gocryptotrader/communications/smsglobal/smsglobal.go:111.55,112.48 1 3
github.com/thrasher-/gocryptotrader/communications/smsglobal/smsglobal.go:116.2,116.30 1 2
github.com/thrasher-/gocryptotrader/communications/smsglobal/smsglobal.go:120.2,121.12 2 1
github.com/thrasher-/gocryptotrader/communications/smsglobal/smsglobal.go:112.48,114.3 1 1
github.com/thrasher-/gocryptotrader/communications/smsglobal/smsglobal.go:116.30,118.3 1 1
github.com/thrasher-/gocryptotrader/communications/smsglobal/smsglobal.go:125.57,126.28 1 4
github.com/thrasher-/gocryptotrader/communications/smsglobal/smsglobal.go:131.2,131.14 1 2
github.com/thrasher-/gocryptotrader/communications/smsglobal/smsglobal.go:126.28,127.100 1 4
github.com/thrasher-/gocryptotrader/communications/smsglobal/smsglobal.go:127.100,129.4 1 2
github.com/thrasher-/gocryptotrader/communications/smsglobal/smsglobal.go:135.58,136.31 1 2
github.com/thrasher-/gocryptotrader/communications/smsglobal/smsglobal.go:140.2,140.28 1 1
github.com/thrasher-/gocryptotrader/communications/smsglobal/smsglobal.go:146.2,146.80 1 0
github.com/thrasher-/gocryptotrader/communications/smsglobal/smsglobal.go:136.31,138.3 1 1
github.com/thrasher-/gocryptotrader/communications/smsglobal/smsglobal.go:140.28,141.83 1 1
github.com/thrasher-/gocryptotrader/communications/smsglobal/smsglobal.go:141.83,144.4 2 1
github.com/thrasher-/gocryptotrader/communications/smsglobal/smsglobal.go:150.60,151.28 1 2
github.com/thrasher-/gocryptotrader/communications/smsglobal/smsglobal.go:163.2,163.12 1 2
github.com/thrasher-/gocryptotrader/communications/smsglobal/smsglobal.go:151.28,152.28 1 2
github.com/thrasher-/gocryptotrader/communications/smsglobal/smsglobal.go:152.28,153.17 1 2
github.com/thrasher-/gocryptotrader/communications/smsglobal/smsglobal.go:157.4,158.18 2 2
github.com/thrasher-/gocryptotrader/communications/smsglobal/smsglobal.go:153.17,156.5 1 0
github.com/thrasher-/gocryptotrader/communications/smsglobal/smsglobal.go:158.18,160.5 1 0
github.com/thrasher-/gocryptotrader/communications/smsglobal/smsglobal.go:167.59,168.34 1 3
github.com/thrasher-/gocryptotrader/communications/smsglobal/smsglobal.go:172.2,187.16 11 0
github.com/thrasher-/gocryptotrader/communications/smsglobal/smsglobal.go:191.2,191.59 1 0
github.com/thrasher-/gocryptotrader/communications/smsglobal/smsglobal.go:194.2,194.12 1 0
github.com/thrasher-/gocryptotrader/communications/smsglobal/smsglobal.go:168.34,170.3 1 3
github.com/thrasher-/gocryptotrader/communications/smsglobal/smsglobal.go:187.16,189.3 1 0
github.com/thrasher-/gocryptotrader/communications/smsglobal/smsglobal.go:191.59,193.3 1 0
github.com/thrasher-/gocryptotrader/communications/slack/slack.go:54.36,56.2 1 0
github.com/thrasher-/gocryptotrader/communications/slack/slack.go:60.57,66.2 5 1
github.com/thrasher-/gocryptotrader/communications/slack/slack.go:69.33,71.16 2 1
github.com/thrasher-/gocryptotrader/communications/slack/slack.go:75.2,76.12 2 0
github.com/thrasher-/gocryptotrader/communications/slack/slack.go:71.16,73.3 1 1
github.com/thrasher-/gocryptotrader/communications/slack/slack.go:80.51,81.17 1 1
github.com/thrasher-/gocryptotrader/communications/slack/slack.go:85.2,85.12 1 0
github.com/thrasher-/gocryptotrader/communications/slack/slack.go:81.17,84.3 1 1
github.com/thrasher-/gocryptotrader/communications/slack/slack.go:89.47,91.2 1 3
github.com/thrasher-/gocryptotrader/communications/slack/slack.go:94.46,96.36 2 1
github.com/thrasher-/gocryptotrader/communications/slack/slack.go:99.2,99.17 1 1
github.com/thrasher-/gocryptotrader/communications/slack/slack.go:96.36,98.3 1 1
github.com/thrasher-/gocryptotrader/communications/slack/slack.go:103.51,104.33 1 5
github.com/thrasher-/gocryptotrader/communications/slack/slack.go:109.2,109.11 1 1
github.com/thrasher-/gocryptotrader/communications/slack/slack.go:104.33,105.34 1 4
github.com/thrasher-/gocryptotrader/communications/slack/slack.go:105.34,107.4 1 4
github.com/thrasher-/gocryptotrader/communications/slack/slack.go:113.62,115.16 2 2
github.com/thrasher-/gocryptotrader/communications/slack/slack.go:118.2,118.16 1 1
github.com/thrasher-/gocryptotrader/communications/slack/slack.go:115.16,117.3 1 1
github.com/thrasher-/gocryptotrader/communications/slack/slack.go:122.64,123.34 1 4
github.com/thrasher-/gocryptotrader/communications/slack/slack.go:128.2,128.44 1 2
github.com/thrasher-/gocryptotrader/communications/slack/slack.go:123.34,124.40 1 4
github.com/thrasher-/gocryptotrader/communications/slack/slack.go:124.40,126.4 1 2
github.com/thrasher-/gocryptotrader/communications/slack/slack.go:132.68,133.36 1 3
github.com/thrasher-/gocryptotrader/communications/slack/slack.go:138.2,138.44 1 2
github.com/thrasher-/gocryptotrader/communications/slack/slack.go:133.36,134.44 1 4
github.com/thrasher-/gocryptotrader/communications/slack/slack.go:134.44,136.4 1 1
github.com/thrasher-/gocryptotrader/communications/slack/slack.go:142.56,143.34 1 2
github.com/thrasher-/gocryptotrader/communications/slack/slack.go:148.2,148.12 1 1
github.com/thrasher-/gocryptotrader/communications/slack/slack.go:143.34,144.40 1 5
github.com/thrasher-/gocryptotrader/communications/slack/slack.go:144.40,146.4 1 1
github.com/thrasher-/gocryptotrader/communications/slack/slack.go:153.39,154.18 1 2
github.com/thrasher-/gocryptotrader/communications/slack/slack.go:183.2,183.65 1 0
github.com/thrasher-/gocryptotrader/communications/slack/slack.go:154.18,156.17 2 2
github.com/thrasher-/gocryptotrader/communications/slack/slack.go:160.3,160.20 1 2
github.com/thrasher-/gocryptotrader/communications/slack/slack.go:164.3,164.16 1 0
github.com/thrasher-/gocryptotrader/communications/slack/slack.go:174.3,175.17 2 0
github.com/thrasher-/gocryptotrader/communications/slack/slack.go:179.3,181.30 2 0
github.com/thrasher-/gocryptotrader/communications/slack/slack.go:156.17,158.4 1 0
github.com/thrasher-/gocryptotrader/communications/slack/slack.go:160.20,162.4 1 2
github.com/thrasher-/gocryptotrader/communications/slack/slack.go:164.16,172.4 2 0
github.com/thrasher-/gocryptotrader/communications/slack/slack.go:175.17,177.4 1 0
github.com/thrasher-/gocryptotrader/communications/slack/slack.go:188.42,193.26 4 1
github.com/thrasher-/gocryptotrader/communications/slack/slack.go:197.2,198.16 2 1
github.com/thrasher-/gocryptotrader/communications/slack/slack.go:202.2,203.12 2 0
github.com/thrasher-/gocryptotrader/communications/slack/slack.go:193.26,195.3 1 0
github.com/thrasher-/gocryptotrader/communications/slack/slack.go:198.16,200.3 1 1
github.com/thrasher-/gocryptotrader/communications/slack/slack.go:207.35,208.6 1 0
github.com/thrasher-/gocryptotrader/communications/slack/slack.go:208.6,210.17 2 0
github.com/thrasher-/gocryptotrader/communications/slack/slack.go:214.3,216.17 3 0
github.com/thrasher-/gocryptotrader/communications/slack/slack.go:221.3,221.20 1 0
github.com/thrasher-/gocryptotrader/communications/slack/slack.go:210.17,212.4 1 0
github.com/thrasher-/gocryptotrader/communications/slack/slack.go:216.17,218.12 2 0
github.com/thrasher-/gocryptotrader/communications/slack/slack.go:223.16,225.18 2 0
github.com/thrasher-/gocryptotrader/communications/slack/slack.go:229.16,230.27 1 0
github.com/thrasher-/gocryptotrader/communications/slack/slack.go:232.24,234.18 2 0
github.com/thrasher-/gocryptotrader/communications/slack/slack.go:238.26,240.18 2 0
github.com/thrasher-/gocryptotrader/communications/slack/slack.go:244.18,246.18 2 0
github.com/thrasher-/gocryptotrader/communications/slack/slack.go:250.15,251.17 1 0
github.com/thrasher-/gocryptotrader/communications/slack/slack.go:254.11,255.51 1 0
github.com/thrasher-/gocryptotrader/communications/slack/slack.go:225.18,226.13 1 0
github.com/thrasher-/gocryptotrader/communications/slack/slack.go:234.18,235.13 1 0
github.com/thrasher-/gocryptotrader/communications/slack/slack.go:240.18,241.13 1 0
github.com/thrasher-/gocryptotrader/communications/slack/slack.go:246.18,247.13 1 0
github.com/thrasher-/gocryptotrader/communications/slack/slack.go:251.17,253.5 1 0
github.com/thrasher-/gocryptotrader/communications/slack/slack.go:260.57,263.16 3 2
github.com/thrasher-/gocryptotrader/communications/slack/slack.go:266.2,266.15 1 1
github.com/thrasher-/gocryptotrader/communications/slack/slack.go:271.2,271.12 1 1
github.com/thrasher-/gocryptotrader/communications/slack/slack.go:263.16,265.3 1 1
github.com/thrasher-/gocryptotrader/communications/slack/slack.go:266.15,270.3 1 1
github.com/thrasher-/gocryptotrader/communications/slack/slack.go:274.82,275.23 1 4
github.com/thrasher-/gocryptotrader/communications/slack/slack.go:278.2,280.16 3 3
github.com/thrasher-/gocryptotrader/communications/slack/slack.go:283.2,283.15 1 2
github.com/thrasher-/gocryptotrader/communications/slack/slack.go:288.2,288.32 1 2
github.com/thrasher-/gocryptotrader/communications/slack/slack.go:291.2,291.12 1 1
github.com/thrasher-/gocryptotrader/communications/slack/slack.go:275.23,277.3 1 1
github.com/thrasher-/gocryptotrader/communications/slack/slack.go:280.16,282.3 1 1
github.com/thrasher-/gocryptotrader/communications/slack/slack.go:283.15,287.3 1 2
github.com/thrasher-/gocryptotrader/communications/slack/slack.go:288.32,290.3 1 1
github.com/thrasher-/gocryptotrader/communications/slack/slack.go:293.67,294.48 1 2
github.com/thrasher-/gocryptotrader/communications/slack/slack.go:311.2,311.57 1 1
github.com/thrasher-/gocryptotrader/communications/slack/slack.go:294.48,295.16 1 1
github.com/thrasher-/gocryptotrader/communications/slack/slack.go:299.3,299.29 1 1
github.com/thrasher-/gocryptotrader/communications/slack/slack.go:303.3,303.49 1 0
github.com/thrasher-/gocryptotrader/communications/slack/slack.go:307.3,309.27 3 0
github.com/thrasher-/gocryptotrader/communications/slack/slack.go:295.16,297.4 1 1
github.com/thrasher-/gocryptotrader/communications/slack/slack.go:299.29,301.4 1 1
github.com/thrasher-/gocryptotrader/communications/slack/slack.go:303.49,305.4 1 0
github.com/thrasher-/gocryptotrader/communications/slack/slack.go:314.39,315.15 1 1
github.com/thrasher-/gocryptotrader/communications/slack/slack.go:318.2,319.27 2 1
github.com/thrasher-/gocryptotrader/communications/slack/slack.go:315.15,317.3 1 1
github.com/thrasher-/gocryptotrader/communications/slack/slack.go:322.60,328.16 4 2
github.com/thrasher-/gocryptotrader/communications/slack/slack.go:331.2,332.15 2 1
github.com/thrasher-/gocryptotrader/communications/slack/slack.go:335.2,335.12 1 1
github.com/thrasher-/gocryptotrader/communications/slack/slack.go:328.16,330.3 1 1
github.com/thrasher-/gocryptotrader/communications/slack/slack.go:332.15,334.3 1 1
github.com/thrasher-/gocryptotrader/communications/slack/slack.go:339.38,343.6 3 1
github.com/thrasher-/gocryptotrader/communications/slack/slack.go:343.6,345.53 2 1
github.com/thrasher-/gocryptotrader/communications/slack/slack.go:345.53,347.4 1 0
github.com/thrasher-/gocryptotrader/communications/slack/slack.go:352.61,362.16 5 6
github.com/thrasher-/gocryptotrader/communications/slack/slack.go:366.2,366.15 1 6
github.com/thrasher-/gocryptotrader/communications/slack/slack.go:370.2,370.28 1 6
github.com/thrasher-/gocryptotrader/communications/slack/slack.go:373.2,373.66 1 0
github.com/thrasher-/gocryptotrader/communications/slack/slack.go:362.16,364.3 1 0
github.com/thrasher-/gocryptotrader/communications/slack/slack.go:366.15,368.3 1 6
github.com/thrasher-/gocryptotrader/communications/slack/slack.go:370.28,372.3 1 6
github.com/thrasher-/gocryptotrader/communications/slack/slack.go:377.51,378.16 1 4
github.com/thrasher-/gocryptotrader/communications/slack/slack.go:382.2,383.9 2 4
github.com/thrasher-/gocryptotrader/communications/slack/slack.go:378.16,380.3 1 0
github.com/thrasher-/gocryptotrader/communications/slack/slack.go:384.45,385.51 1 1
github.com/thrasher-/gocryptotrader/communications/slack/slack.go:387.43,388.45 1 1
github.com/thrasher-/gocryptotrader/communications/slack/slack.go:390.10,391.82 1 2
github.com/thrasher-/gocryptotrader/communications/smtpservice/smtpservice.go:32.63,43.2 10 1
github.com/thrasher-/gocryptotrader/communications/smtpservice/smtpservice.go:46.42,48.2 1 0
github.com/thrasher-/gocryptotrader/communications/smtpservice/smtpservice.go:51.39,54.2 2 1
github.com/thrasher-/gocryptotrader/communications/smtpservice/smtpservice.go:57.53,59.2 1 1
github.com/thrasher-/gocryptotrader/communications/smtpservice/smtpservice.go:63.55,64.32 1 3
github.com/thrasher-/gocryptotrader/communications/smtpservice/smtpservice.go:68.2,83.16 4 1
github.com/thrasher-/gocryptotrader/communications/smtpservice/smtpservice.go:86.2,86.12 1 0
github.com/thrasher-/gocryptotrader/communications/smtpservice/smtpservice.go:64.32,66.3 1 2
github.com/thrasher-/gocryptotrader/communications/smtpservice/smtpservice.go:83.16,85.3 1 1
github.com/thrasher-/gocryptotrader/connchecker/connchecker.go:30.87,32.23 2 4
github.com/thrasher-/gocryptotrader/connchecker/connchecker.go:38.2,38.26 1 4
github.com/thrasher-/gocryptotrader/connchecker/connchecker.go:44.2,44.24 1 4
github.com/thrasher-/gocryptotrader/connchecker/connchecker.go:50.2,51.16 2 4
github.com/thrasher-/gocryptotrader/connchecker/connchecker.go:55.2,55.17 1 3
github.com/thrasher-/gocryptotrader/connchecker/connchecker.go:61.2,66.15 6 3
github.com/thrasher-/gocryptotrader/connchecker/connchecker.go:32.23,34.3 1 2
github.com/thrasher-/gocryptotrader/connchecker/connchecker.go:34.8,36.3 1 2
github.com/thrasher-/gocryptotrader/connchecker/connchecker.go:38.26,40.3 1 3
github.com/thrasher-/gocryptotrader/connchecker/connchecker.go:40.8,42.3 1 1
github.com/thrasher-/gocryptotrader/connchecker/connchecker.go:44.24,46.3 1 1
github.com/thrasher-/gocryptotrader/connchecker/connchecker.go:46.8,48.3 1 3
github.com/thrasher-/gocryptotrader/connchecker/connchecker.go:51.16,53.3 1 1
github.com/thrasher-/gocryptotrader/connchecker/connchecker.go:55.17,57.3 1 3
github.com/thrasher-/gocryptotrader/connchecker/connchecker.go:57.8,59.3 1 0
github.com/thrasher-/gocryptotrader/connchecker/connchecker.go:81.30,84.2 2 1
github.com/thrasher-/gocryptotrader/connchecker/connchecker.go:87.47,90.15 3 3
github.com/thrasher-/gocryptotrader/connchecker/connchecker.go:91.2,92.6 2 3
github.com/thrasher-/gocryptotrader/connchecker/connchecker.go:90.15,90.43 2 1
github.com/thrasher-/gocryptotrader/connchecker/connchecker.go:92.6,93.10 1 17
github.com/thrasher-/gocryptotrader/connchecker/connchecker.go:94.17,95.22 1 16
github.com/thrasher-/gocryptotrader/connchecker/connchecker.go:96.21,97.10 1 1
github.com/thrasher-/gocryptotrader/connchecker/connchecker.go:103.40,105.27 2 4
github.com/thrasher-/gocryptotrader/connchecker/connchecker.go:119.2,119.30 1 3
github.com/thrasher-/gocryptotrader/connchecker/connchecker.go:128.2,129.12 2 3
github.com/thrasher-/gocryptotrader/connchecker/connchecker.go:105.27,107.17 2 13
github.com/thrasher-/gocryptotrader/connchecker/connchecker.go:114.3,114.17 1 12
github.com/thrasher-/gocryptotrader/connchecker/connchecker.go:107.17,109.54 1 1
github.com/thrasher-/gocryptotrader/connchecker/connchecker.go:112.4,112.12 1 0
github.com/thrasher-/gocryptotrader/connchecker/connchecker.go:109.54,111.5 1 1
github.com/thrasher-/gocryptotrader/connchecker/connchecker.go:114.17,116.4 1 3
github.com/thrasher-/gocryptotrader/connchecker/connchecker.go:119.30,121.17 2 7
github.com/thrasher-/gocryptotrader/connchecker/connchecker.go:124.3,124.17 1 6
github.com/thrasher-/gocryptotrader/connchecker/connchecker.go:121.17,122.12 1 1
github.com/thrasher-/gocryptotrader/connchecker/connchecker.go:124.17,126.4 1 0
github.com/thrasher-/gocryptotrader/connchecker/connchecker.go:134.36,135.27 1 16
github.com/thrasher-/gocryptotrader/connchecker/connchecker.go:148.2,148.30 1 0
github.com/thrasher-/gocryptotrader/connchecker/connchecker.go:161.2,162.17 2 0
github.com/thrasher-/gocryptotrader/connchecker/connchecker.go:166.2,166.12 1 0
github.com/thrasher-/gocryptotrader/connchecker/connchecker.go:135.27,137.17 2 16
github.com/thrasher-/gocryptotrader/connchecker/connchecker.go:137.17,139.20 2 14
github.com/thrasher-/gocryptotrader/connchecker/connchecker.go:143.4,144.10 2 14
github.com/thrasher-/gocryptotrader/connchecker/connchecker.go:139.20,142.5 2 0
github.com/thrasher-/gocryptotrader/connchecker/connchecker.go:148.30,150.17 2 0
github.com/thrasher-/gocryptotrader/connchecker/connchecker.go:150.17,152.20 2 0
github.com/thrasher-/gocryptotrader/connchecker/connchecker.go:156.4,157.10 2 0
github.com/thrasher-/gocryptotrader/connchecker/connchecker.go:152.20,155.5 2 0
github.com/thrasher-/gocryptotrader/connchecker/connchecker.go:162.17,165.3 2 0
github.com/thrasher-/gocryptotrader/connchecker/connchecker.go:170.46,173.2 2 29
github.com/thrasher-/gocryptotrader/connchecker/connchecker.go:176.48,179.2 2 7
github.com/thrasher-/gocryptotrader/connchecker/connchecker.go:182.38,186.2 3 1
github.com/thrasher-/gocryptotrader/currency/forexprovider/forexprovider.go:22.44,28.2 1 0
github.com/thrasher-/gocryptotrader/currency/forexprovider/forexprovider.go:31.45,39.16 4 0
github.com/thrasher-/gocryptotrader/currency/forexprovider/forexprovider.go:43.2,53.16 4 0
github.com/thrasher-/gocryptotrader/currency/forexprovider/forexprovider.go:39.16,40.13 1 0
github.com/thrasher-/gocryptotrader/currency/forexprovider/forexprovider.go:57.64,59.16 2 0
github.com/thrasher-/gocryptotrader/currency/forexprovider/forexprovider.go:63.2,68.27 2 0
github.com/thrasher-/gocryptotrader/currency/forexprovider/forexprovider.go:75.2,76.12 2 0
github.com/thrasher-/gocryptotrader/currency/forexprovider/forexprovider.go:59.16,61.3 1 0
github.com/thrasher-/gocryptotrader/currency/forexprovider/forexprovider.go:68.27,73.3 2 0
github.com/thrasher-/gocryptotrader/currency/forexprovider/forexprovider.go:80.75,83.29 2 0
github.com/thrasher-/gocryptotrader/currency/forexprovider/forexprovider.go:132.2,132.37 1 0
github.com/thrasher-/gocryptotrader/currency/forexprovider/forexprovider.go:136.2,136.21 1 0
github.com/thrasher-/gocryptotrader/currency/forexprovider/forexprovider.go:83.29,84.10 1 0
github.com/thrasher-/gocryptotrader/currency/forexprovider/forexprovider.go:85.77,88.18 3 0
github.com/thrasher-/gocryptotrader/currency/forexprovider/forexprovider.go:92.4,92.33 1 0
github.com/thrasher-/gocryptotrader/currency/forexprovider/forexprovider.go:94.73,97.18 3 0
github.com/thrasher-/gocryptotrader/currency/forexprovider/forexprovider.go:101.4,101.33 1 0
github.com/thrasher-/gocryptotrader/currency/forexprovider/forexprovider.go:103.73,106.18 3 0
github.com/thrasher-/gocryptotrader/currency/forexprovider/forexprovider.go:110.4,110.33 1 0
github.com/thrasher-/gocryptotrader/currency/forexprovider/forexprovider.go:112.65,115.18 3 0
github.com/thrasher-/gocryptotrader/currency/forexprovider/forexprovider.go:119.4,119.33 1 0
github.com/thrasher-/gocryptotrader/currency/forexprovider/forexprovider.go:121.77,124.18 3 0
github.com/thrasher-/gocryptotrader/currency/forexprovider/forexprovider.go:128.4,128.33 1 0
github.com/thrasher-/gocryptotrader/currency/forexprovider/forexprovider.go:88.18,90.5 1 0
github.com/thrasher-/gocryptotrader/currency/forexprovider/forexprovider.go:97.18,99.5 1 0
github.com/thrasher-/gocryptotrader/currency/forexprovider/forexprovider.go:106.18,108.5 1 0
github.com/thrasher-/gocryptotrader/currency/forexprovider/forexprovider.go:115.18,117.5 1 0
github.com/thrasher-/gocryptotrader/currency/forexprovider/forexprovider.go:124.18,126.5 1 0
github.com/thrasher-/gocryptotrader/currency/forexprovider/forexprovider.go:132.37,134.3 1 0
github.com/thrasher-/gocryptotrader/currency/forexprovider/currencyconverterapi/currencyconverterapi.go:41.63,54.2 9 0
github.com/thrasher-/gocryptotrader/currency/forexprovider/currencyconverterapi/currencyconverterapi.go:57.96,60.28 2 0
github.com/thrasher-/gocryptotrader/currency/forexprovider/currencyconverterapi/currencyconverterapi.go:64.2,65.30 2 0
github.com/thrasher-/gocryptotrader/currency/forexprovider/currencyconverterapi/currencyconverterapi.go:69.2,69.73 1 0
github.com/thrasher-/gocryptotrader/currency/forexprovider/currencyconverterapi/currencyconverterapi.go:73.2,74.35 2 0
github.com/thrasher-/gocryptotrader/currency/forexprovider/currencyconverterapi/currencyconverterapi.go:88.2,90.14 3 0
github.com/thrasher-/gocryptotrader/currency/forexprovider/currencyconverterapi/currencyconverterapi.go:95.2,97.16 3 0
github.com/thrasher-/gocryptotrader/currency/forexprovider/currencyconverterapi/currencyconverterapi.go:101.2,101.27 1 0
github.com/thrasher-/gocryptotrader/currency/forexprovider/currencyconverterapi/currencyconverterapi.go:105.2,105.19 1 0
github.com/thrasher-/gocryptotrader/currency/forexprovider/currencyconverterapi/currencyconverterapi.go:60.28,62.3 1 0
github.com/thrasher-/gocryptotrader/currency/forexprovider/currencyconverterapi/currencyconverterapi.go:65.30,67.3 1 0
github.com/thrasher-/gocryptotrader/currency/forexprovider/currencyconverterapi/currencyconverterapi.go:69.73,71.3 1 0
github.com/thrasher-/gocryptotrader/currency/forexprovider/currencyconverterapi/currencyconverterapi.go:74.35,75.34 1 0
github.com/thrasher-/gocryptotrader/currency/forexprovider/currencyconverterapi/currencyconverterapi.go:75.34,78.18 3 0
github.com/thrasher-/gocryptotrader/currency/forexprovider/currencyconverterapi/currencyconverterapi.go:82.4,82.29 1 0
github.com/thrasher-/gocryptotrader/currency/forexprovider/currencyconverterapi/currencyconverterapi.go:78.18,80.13 2 0
github.com/thrasher-/gocryptotrader/currency/forexprovider/currencyconverterapi/currencyconverterapi.go:82.29,84.5 1 0
github.com/thrasher-/gocryptotrader/currency/forexprovider/currencyconverterapi/currencyconverterapi.go:90.14,93.3 2 0
github.com/thrasher-/gocryptotrader/currency/forexprovider/currencyconverterapi/currencyconverterapi.go:97.16,99.3 1 0
github.com/thrasher-/gocryptotrader/currency/forexprovider/currencyconverterapi/currencyconverterapi.go:101.27,103.3 1 0
github.com/thrasher-/gocryptotrader/currency/forexprovider/currencyconverterapi/currencyconverterapi.go:110.90,111.74 1 0
github.com/thrasher-/gocryptotrader/currency/forexprovider/currencyconverterapi/currencyconverterapi.go:115.2,122.16 7 0
github.com/thrasher-/gocryptotrader/currency/forexprovider/currencyconverterapi/currencyconverterapi.go:126.2,126.20 1 0
github.com/thrasher-/gocryptotrader/currency/forexprovider/currencyconverterapi/currencyconverterapi.go:111.74,113.3 1 0
github.com/thrasher-/gocryptotrader/currency/forexprovider/currencyconverterapi/currencyconverterapi.go:122.16,124.3 1 0
github.com/thrasher-/gocryptotrader/currency/forexprovider/currencyconverterapi/currencyconverterapi.go:130.82,137.16 6 0
github.com/thrasher-/gocryptotrader/currency/forexprovider/currencyconverterapi/currencyconverterapi.go:141.2,141.20 1 0
github.com/thrasher-/gocryptotrader/currency/forexprovider/currencyconverterapi/currencyconverterapi.go:137.16,139.3 1 0
github.com/thrasher-/gocryptotrader/currency/forexprovider/currencyconverterapi/currencyconverterapi.go:145.72,149.16 3 0
github.com/thrasher-/gocryptotrader/currency/forexprovider/currencyconverterapi/currencyconverterapi.go:153.2,154.34 2 0
github.com/thrasher-/gocryptotrader/currency/forexprovider/currencyconverterapi/currencyconverterapi.go:158.2,158.24 1 0
github.com/thrasher-/gocryptotrader/currency/forexprovider/currencyconverterapi/currencyconverterapi.go:149.16,151.3 1 0
github.com/thrasher-/gocryptotrader/currency/forexprovider/currencyconverterapi/currencyconverterapi.go:154.34,156.3 1 0
github.com/thrasher-/gocryptotrader/currency/forexprovider/currencyconverterapi/currencyconverterapi.go:163.76,167.16 3 0
github.com/thrasher-/gocryptotrader/currency/forexprovider/currencyconverterapi/currencyconverterapi.go:171.2,171.28 1 0
github.com/thrasher-/gocryptotrader/currency/forexprovider/currencyconverterapi/currencyconverterapi.go:167.16,169.3 1 0
github.com/thrasher-/gocryptotrader/currency/forexprovider/currencyconverterapi/currencyconverterapi.go:176.107,179.49 3 0
github.com/thrasher-/gocryptotrader/currency/forexprovider/currencyconverterapi/currencyconverterapi.go:186.2,197.16 3 0
github.com/thrasher-/gocryptotrader/currency/forexprovider/currencyconverterapi/currencyconverterapi.go:202.2,202.12 1 0
github.com/thrasher-/gocryptotrader/currency/forexprovider/currencyconverterapi/currencyconverterapi.go:179.49,182.3 2 0
github.com/thrasher-/gocryptotrader/currency/forexprovider/currencyconverterapi/currencyconverterapi.go:182.8,185.3 2 0
github.com/thrasher-/gocryptotrader/currency/forexprovider/currencyconverterapi/currencyconverterapi.go:197.16,201.3 1 0
github.com/thrasher-/gocryptotrader/communications/telegram/telegram.go:51.39,51.61 1 0
github.com/thrasher-/gocryptotrader/communications/telegram/telegram.go:54.60,59.2 4 1
github.com/thrasher-/gocryptotrader/communications/telegram/telegram.go:62.36,63.43 1 1
github.com/thrasher-/gocryptotrader/communications/telegram/telegram.go:66.2,68.12 3 0
github.com/thrasher-/gocryptotrader/communications/telegram/telegram.go:63.43,65.3 1 1
github.com/thrasher-/gocryptotrader/communications/telegram/telegram.go:72.54,73.37 1 2
github.com/thrasher-/gocryptotrader/communications/telegram/telegram.go:80.2,80.12 1 1
github.com/thrasher-/gocryptotrader/communications/telegram/telegram.go:73.37,76.17 2 1
github.com/thrasher-/gocryptotrader/communications/telegram/telegram.go:76.17,78.4 1 1
github.com/thrasher-/gocryptotrader/communications/telegram/telegram.go:84.34,87.6 2 0
github.com/thrasher-/gocryptotrader/communications/telegram/telegram.go:87.6,89.17 2 0
github.com/thrasher-/gocryptotrader/communications/telegram/telegram.go:93.3,93.30 1 0
github.com/thrasher-/gocryptotrader/communications/telegram/telegram.go:89.17,91.4 1 0
github.com/thrasher-/gocryptotrader/communications/telegram/telegram.go:93.30,94.42 1 0
github.com/thrasher-/gocryptotrader/communications/telegram/telegram.go:94.42,95.54 1 0
github.com/thrasher-/gocryptotrader/communications/telegram/telegram.go:101.5,101.39 1 0
github.com/thrasher-/gocryptotrader/communications/telegram/telegram.go:95.54,97.20 2 0
github.com/thrasher-/gocryptotrader/communications/telegram/telegram.go:97.20,99.7 1 0
github.com/thrasher-/gocryptotrader/communications/telegram/telegram.go:109.37,111.16 2 0
github.com/thrasher-/gocryptotrader/communications/telegram/telegram.go:116.2,116.14 1 0
github.com/thrasher-/gocryptotrader/communications/telegram/telegram.go:121.2,122.29 2 0
github.com/thrasher-/gocryptotrader/communications/telegram/telegram.go:128.2,128.44 1 0
github.com/thrasher-/gocryptotrader/communications/telegram/telegram.go:135.2,135.27 1 0
github.com/thrasher-/gocryptotrader/communications/telegram/telegram.go:138.2,138.53 1 0
github.com/thrasher-/gocryptotrader/communications/telegram/telegram.go:111.16,114.3 2 0
github.com/thrasher-/gocryptotrader/communications/telegram/telegram.go:116.14,119.3 2 0
github.com/thrasher-/gocryptotrader/communications/telegram/telegram.go:122.29,123.42 1 0
github.com/thrasher-/gocryptotrader/communications/telegram/telegram.go:123.42,125.4 1 0
github.com/thrasher-/gocryptotrader/communications/telegram/telegram.go:128.44,130.17 2 0
github.com/thrasher-/gocryptotrader/communications/telegram/telegram.go:130.17,133.4 2 0
github.com/thrasher-/gocryptotrader/communications/telegram/telegram.go:135.27,137.3 1 0
github.com/thrasher-/gocryptotrader/communications/telegram/telegram.go:142.68,143.9 1 5
github.com/thrasher-/gocryptotrader/communications/telegram/telegram.go:144.39,145.78 1 1
github.com/thrasher-/gocryptotrader/communications/telegram/telegram.go:147.40,148.81 1 1
github.com/thrasher-/gocryptotrader/communications/telegram/telegram.go:150.41,151.79 1 1
github.com/thrasher-/gocryptotrader/communications/telegram/telegram.go:153.10,154.79 1 2
github.com/thrasher-/gocryptotrader/communications/telegram/telegram.go:159.60,163.2 3 1
github.com/thrasher-/gocryptotrader/communications/telegram/telegram.go:166.43,171.16 4 2
github.com/thrasher-/gocryptotrader/communications/telegram/telegram.go:175.2,175.21 1 2
github.com/thrasher-/gocryptotrader/communications/telegram/telegram.go:178.2,178.12 1 0
github.com/thrasher-/gocryptotrader/communications/telegram/telegram.go:171.16,173.3 1 0
github.com/thrasher-/gocryptotrader/communications/telegram/telegram.go:175.21,177.3 1 2
github.com/thrasher-/gocryptotrader/communications/telegram/telegram.go:182.65,194.16 4 7
github.com/thrasher-/gocryptotrader/communications/telegram/telegram.go:198.2,200.16 3 7
github.com/thrasher-/gocryptotrader/communications/telegram/telegram.go:204.2,204.14 1 7
github.com/thrasher-/gocryptotrader/communications/telegram/telegram.go:207.2,207.12 1 0
github.com/thrasher-/gocryptotrader/communications/telegram/telegram.go:194.16,196.3 1 0
github.com/thrasher-/gocryptotrader/communications/telegram/telegram.go:200.16,202.3 1 0
github.com/thrasher-/gocryptotrader/communications/telegram/telegram.go:204.14,206.3 1 7
github.com/thrasher-/gocryptotrader/communications/telegram/telegram.go:211.88,216.16 4 11
github.com/thrasher-/gocryptotrader/communications/telegram/telegram.go:220.2,220.48 1 10
github.com/thrasher-/gocryptotrader/communications/telegram/telegram.go:216.16,218.3 1 1
github.com/thrasher-/gocryptotrader/currency/forexprovider/currencylayer/currencylayer.go:58.59,59.50 1 1
github.com/thrasher-/gocryptotrader/currency/forexprovider/currencylayer/currencylayer.go:66.2,78.12 9 1
github.com/thrasher-/gocryptotrader/currency/forexprovider/currencylayer/currencylayer.go:59.50,64.3 2 0
github.com/thrasher-/gocryptotrader/currency/forexprovider/currencylayer/currencylayer.go:82.92,84.2 1 1
github.com/thrasher-/gocryptotrader/currency/forexprovider/currencylayer/currencylayer.go:87.68,90.80 2 1
github.com/thrasher-/gocryptotrader/currency/forexprovider/currencylayer/currencylayer.go:94.2,94.19 1 1
github.com/thrasher-/gocryptotrader/currency/forexprovider/currencylayer/currencylayer.go:98.2,99.35 2 0
github.com/thrasher-/gocryptotrader/currency/forexprovider/currencylayer/currencylayer.go:103.2,103.24 1 0
github.com/thrasher-/gocryptotrader/currency/forexprovider/currencylayer/currencylayer.go:90.80,92.3 1 0
github.com/thrasher-/gocryptotrader/currency/forexprovider/currencylayer/currencylayer.go:94.19,96.3 1 1
github.com/thrasher-/gocryptotrader/currency/forexprovider/currencylayer/currencylayer.go:99.35,101.3 1 0
github.com/thrasher-/gocryptotrader/currency/forexprovider/currencylayer/currencylayer.go:107.92,114.16 6 2
github.com/thrasher-/gocryptotrader/currency/forexprovider/currencylayer/currencylayer.go:118.2,118.19 1 2
github.com/thrasher-/gocryptotrader/currency/forexprovider/currencylayer/currencylayer.go:122.2,122.25 1 0
github.com/thrasher-/gocryptotrader/currency/forexprovider/currencylayer/currencylayer.go:114.16,116.3 1 0
github.com/thrasher-/gocryptotrader/currency/forexprovider/currencylayer/currencylayer.go:118.19,120.3 1 2
github.com/thrasher-/gocryptotrader/currency/forexprovider/currencylayer/currencylayer.go:127.120,135.16 7 1
github.com/thrasher-/gocryptotrader/currency/forexprovider/currencylayer/currencylayer.go:139.2,139.19 1 1
github.com/thrasher-/gocryptotrader/currency/forexprovider/currencylayer/currencylayer.go:143.2,143.25 1 0
github.com/thrasher-/gocryptotrader/currency/forexprovider/currencylayer/currencylayer.go:135.16,137.3 1 0
github.com/thrasher-/gocryptotrader/currency/forexprovider/currencylayer/currencylayer.go:139.19,141.3 1 1
github.com/thrasher-/gocryptotrader/currency/forexprovider/currencylayer/currencylayer.go:147.89,148.33 1 1
github.com/thrasher-/gocryptotrader/currency/forexprovider/currencylayer/currencylayer.go:152.2,161.16 8 1
github.com/thrasher-/gocryptotrader/currency/forexprovider/currencylayer/currencylayer.go:165.2,165.19 1 1
github.com/thrasher-/gocryptotrader/currency/forexprovider/currencylayer/currencylayer.go:168.2,168.25 1 0
github.com/thrasher-/gocryptotrader/currency/forexprovider/currencylayer/currencylayer.go:148.33,150.3 1 0
github.com/thrasher-/gocryptotrader/currency/forexprovider/currencylayer/currencylayer.go:161.16,163.3 1 0
github.com/thrasher-/gocryptotrader/currency/forexprovider/currencylayer/currencylayer.go:165.19,167.3 1 1
github.com/thrasher-/gocryptotrader/currency/forexprovider/currencylayer/currencylayer.go:173.134,174.31 1 1
github.com/thrasher-/gocryptotrader/currency/forexprovider/currencylayer/currencylayer.go:178.2,187.16 8 1
github.com/thrasher-/gocryptotrader/currency/forexprovider/currencylayer/currencylayer.go:191.2,191.19 1 1
github.com/thrasher-/gocryptotrader/currency/forexprovider/currencylayer/currencylayer.go:194.2,194.25 1 0
github.com/thrasher-/gocryptotrader/currency/forexprovider/currencylayer/currencylayer.go:174.31,176.3 1 0
github.com/thrasher-/gocryptotrader/currency/forexprovider/currencylayer/currencylayer.go:187.16,189.3 1 0
github.com/thrasher-/gocryptotrader/currency/forexprovider/currencylayer/currencylayer.go:191.19,193.3 1 1
github.com/thrasher-/gocryptotrader/currency/forexprovider/currencylayer/currencylayer.go:200.135,201.38 1 1
github.com/thrasher-/gocryptotrader/currency/forexprovider/currencylayer/currencylayer.go:204.2,213.16 8 0
github.com/thrasher-/gocryptotrader/currency/forexprovider/currencylayer/currencylayer.go:217.2,217.19 1 0
github.com/thrasher-/gocryptotrader/currency/forexprovider/currencylayer/currencylayer.go:220.2,220.25 1 0
github.com/thrasher-/gocryptotrader/currency/forexprovider/currencylayer/currencylayer.go:201.38,203.3 1 1
github.com/thrasher-/gocryptotrader/currency/forexprovider/currencylayer/currencylayer.go:213.16,215.3 1 0
github.com/thrasher-/gocryptotrader/currency/forexprovider/currencylayer/currencylayer.go:217.19,219.3 1 0
github.com/thrasher-/gocryptotrader/currency/forexprovider/currencylayer/currencylayer.go:225.103,230.32 4 6
github.com/thrasher-/gocryptotrader/currency/forexprovider/currencylayer/currencylayer.go:236.2,246.9 2 6
github.com/thrasher-/gocryptotrader/currency/forexprovider/currencylayer/currencylayer.go:230.32,232.3 1 6
github.com/thrasher-/gocryptotrader/currency/forexprovider/currencylayer/currencylayer.go:232.8,235.3 2 0
github.com/thrasher-/gocryptotrader/currency/coinmarketcap/coinmarketcap.go:70.39,80.2 6 42
github.com/thrasher-/gocryptotrader/currency/coinmarketcap/coinmarketcap.go:83.46,84.19 1 21
github.com/thrasher-/gocryptotrader/currency/coinmarketcap/coinmarketcap.go:84.19,86.3 1 0
github.com/thrasher-/gocryptotrader/currency/coinmarketcap/coinmarketcap.go:86.8,88.17 2 21
github.com/thrasher-/gocryptotrader/currency/coinmarketcap/coinmarketcap.go:92.3,94.25 3 21
github.com/thrasher-/gocryptotrader/currency/coinmarketcap/coinmarketcap.go:88.17,91.4 2 0
github.com/thrasher-/gocryptotrader/currency/coinmarketcap/coinmarketcap.go:103.96,110.16 3 1
github.com/thrasher-/gocryptotrader/currency/coinmarketcap/coinmarketcap.go:114.2,115.31 2 1
github.com/thrasher-/gocryptotrader/currency/coinmarketcap/coinmarketcap.go:119.2,123.16 4 1
github.com/thrasher-/gocryptotrader/currency/coinmarketcap/coinmarketcap.go:127.2,127.32 1 0
github.com/thrasher-/gocryptotrader/currency/coinmarketcap/coinmarketcap.go:131.2,131.23 1 0
github.com/thrasher-/gocryptotrader/currency/coinmarketcap/coinmarketcap.go:110.16,112.3 1 0
github.com/thrasher-/gocryptotrader/currency/coinmarketcap/coinmarketcap.go:115.31,117.3 1 1
github.com/thrasher-/gocryptotrader/currency/coinmarketcap/coinmarketcap.go:123.16,125.3 1 1
github.com/thrasher-/gocryptotrader/currency/coinmarketcap/coinmarketcap.go:127.32,129.3 1 0
github.com/thrasher-/gocryptotrader/currency/coinmarketcap/coinmarketcap.go:136.79,143.16 3 1
github.com/thrasher-/gocryptotrader/currency/coinmarketcap/coinmarketcap.go:147.2,148.16 2 1
github.com/thrasher-/gocryptotrader/currency/coinmarketcap/coinmarketcap.go:152.2,152.32 1 0
github.com/thrasher-/gocryptotrader/currency/coinmarketcap/coinmarketcap.go:156.2,156.23 1 0
github.com/thrasher-/gocryptotrader/currency/coinmarketcap/coinmarketcap.go:143.16,145.3 1 0
github.com/thrasher-/gocryptotrader/currency/coinmarketcap/coinmarketcap.go:148.16,150.3 1 1
github.com/thrasher-/gocryptotrader/currency/coinmarketcap/coinmarketcap.go:152.32,154.3 1 0
github.com/thrasher-/gocryptotrader/currency/coinmarketcap/coinmarketcap.go:161.107,184.2 1 1
github.com/thrasher-/gocryptotrader/currency/coinmarketcap/coinmarketcap.go:191.116,198.16 3 1
github.com/thrasher-/gocryptotrader/currency/coinmarketcap/coinmarketcap.go:202.2,203.16 2 1
github.com/thrasher-/gocryptotrader/currency/coinmarketcap/coinmarketcap.go:207.2,207.15 1 1
github.com/thrasher-/gocryptotrader/currency/coinmarketcap/coinmarketcap.go:211.2,212.16 2 1
github.com/thrasher-/gocryptotrader/currency/coinmarketcap/coinmarketcap.go:216.2,216.32 1 0
github.com/thrasher-/gocryptotrader/currency/coinmarketcap/coinmarketcap.go:220.2,220.23 1 0
github.com/thrasher-/gocryptotrader/currency/coinmarketcap/coinmarketcap.go:198.16,200.3 1 0
github.com/thrasher-/gocryptotrader/currency/coinmarketcap/coinmarketcap.go:203.16,205.3 1 0
github.com/thrasher-/gocryptotrader/currency/coinmarketcap/coinmarketcap.go:207.15,209.3 1 0
github.com/thrasher-/gocryptotrader/currency/coinmarketcap/coinmarketcap.go:212.16,214.3 1 1
github.com/thrasher-/gocryptotrader/currency/coinmarketcap/coinmarketcap.go:216.32,218.3 1 0
github.com/thrasher-/gocryptotrader/currency/coinmarketcap/coinmarketcap.go:229.133,236.16 3 1
github.com/thrasher-/gocryptotrader/currency/coinmarketcap/coinmarketcap.go:240.2,243.16 3 0
github.com/thrasher-/gocryptotrader/currency/coinmarketcap/coinmarketcap.go:247.2,247.15 1 0
github.com/thrasher-/gocryptotrader/currency/coinmarketcap/coinmarketcap.go:251.2,252.16 2 0
github.com/thrasher-/gocryptotrader/currency/coinmarketcap/coinmarketcap.go:256.2,256.32 1 0
github.com/thrasher-/gocryptotrader/currency/coinmarketcap/coinmarketcap.go:260.2,260.23 1 0
github.com/thrasher-/gocryptotrader/currency/coinmarketcap/coinmarketcap.go:236.16,238.3 1 1
github.com/thrasher-/gocryptotrader/currency/coinmarketcap/coinmarketcap.go:243.16,245.3 1 0
github.com/thrasher-/gocryptotrader/currency/coinmarketcap/coinmarketcap.go:247.15,249.3 1 0
github.com/thrasher-/gocryptotrader/currency/coinmarketcap/coinmarketcap.go:252.16,254.3 1 0
github.com/thrasher-/gocryptotrader/currency/coinmarketcap/coinmarketcap.go:256.32,258.3 1 0
github.com/thrasher-/gocryptotrader/currency/coinmarketcap/coinmarketcap.go:270.137,277.16 3 1
github.com/thrasher-/gocryptotrader/currency/coinmarketcap/coinmarketcap.go:281.2,285.20 4 0
github.com/thrasher-/gocryptotrader/currency/coinmarketcap/coinmarketcap.go:289.2,290.16 2 0
github.com/thrasher-/gocryptotrader/currency/coinmarketcap/coinmarketcap.go:294.2,294.32 1 0
github.com/thrasher-/gocryptotrader/currency/coinmarketcap/coinmarketcap.go:298.2,298.23 1 0
github.com/thrasher-/gocryptotrader/currency/coinmarketcap/coinmarketcap.go:277.16,279.3 1 1
github.com/thrasher-/gocryptotrader/currency/coinmarketcap/coinmarketcap.go:285.20,287.3 1 0
github.com/thrasher-/gocryptotrader/currency/coinmarketcap/coinmarketcap.go:290.16,292.3 1 0
github.com/thrasher-/gocryptotrader/currency/coinmarketcap/coinmarketcap.go:294.32,296.3 1 0
github.com/thrasher-/gocryptotrader/currency/coinmarketcap/coinmarketcap.go:309.105,316.16 3 1
github.com/thrasher-/gocryptotrader/currency/coinmarketcap/coinmarketcap.go:320.2,324.16 4 0
github.com/thrasher-/gocryptotrader/currency/coinmarketcap/coinmarketcap.go:328.2,328.32 1 0
github.com/thrasher-/gocryptotrader/currency/coinmarketcap/coinmarketcap.go:332.2,332.23 1 0
github.com/thrasher-/gocryptotrader/currency/coinmarketcap/coinmarketcap.go:316.16,318.3 1 1
github.com/thrasher-/gocryptotrader/currency/coinmarketcap/coinmarketcap.go:324.16,326.3 1 0
github.com/thrasher-/gocryptotrader/currency/coinmarketcap/coinmarketcap.go:328.32,330.3 1 0
github.com/thrasher-/gocryptotrader/currency/coinmarketcap/coinmarketcap.go:339.112,346.16 3 1
github.com/thrasher-/gocryptotrader/currency/coinmarketcap/coinmarketcap.go:350.2,351.31 2 1
github.com/thrasher-/gocryptotrader/currency/coinmarketcap/coinmarketcap.go:355.2,359.16 4 1
github.com/thrasher-/gocryptotrader/currency/coinmarketcap/coinmarketcap.go:363.2,363.32 1 0
github.com/thrasher-/gocryptotrader/currency/coinmarketcap/coinmarketcap.go:367.2,367.23 1 0
github.com/thrasher-/gocryptotrader/currency/coinmarketcap/coinmarketcap.go:346.16,348.3 1 0
github.com/thrasher-/gocryptotrader/currency/coinmarketcap/coinmarketcap.go:351.31,353.3 1 1
github.com/thrasher-/gocryptotrader/currency/coinmarketcap/coinmarketcap.go:359.16,361.3 1 1
github.com/thrasher-/gocryptotrader/currency/coinmarketcap/coinmarketcap.go:363.32,365.3 1 0
github.com/thrasher-/gocryptotrader/currency/coinmarketcap/coinmarketcap.go:376.141,383.16 3 1
github.com/thrasher-/gocryptotrader/currency/coinmarketcap/coinmarketcap.go:387.2,391.20 4 0
github.com/thrasher-/gocryptotrader/currency/coinmarketcap/coinmarketcap.go:395.2,396.16 2 0
github.com/thrasher-/gocryptotrader/currency/coinmarketcap/coinmarketcap.go:400.2,400.32 1 0
github.com/thrasher-/gocryptotrader/currency/coinmarketcap/coinmarketcap.go:404.2,404.23 1 0
github.com/thrasher-/gocryptotrader/currency/coinmarketcap/coinmarketcap.go:383.16,385.3 1 1
github.com/thrasher-/gocryptotrader/currency/coinmarketcap/coinmarketcap.go:391.20,393.3 1 0
github.com/thrasher-/gocryptotrader/currency/coinmarketcap/coinmarketcap.go:396.16,398.3 1 0
github.com/thrasher-/gocryptotrader/currency/coinmarketcap/coinmarketcap.go:400.32,402.3 1 0
github.com/thrasher-/gocryptotrader/currency/coinmarketcap/coinmarketcap.go:411.84,418.16 3 1
github.com/thrasher-/gocryptotrader/currency/coinmarketcap/coinmarketcap.go:422.2,423.31 2 0
github.com/thrasher-/gocryptotrader/currency/coinmarketcap/coinmarketcap.go:427.2,431.16 4 0
github.com/thrasher-/gocryptotrader/currency/coinmarketcap/coinmarketcap.go:435.2,435.32 1 0
github.com/thrasher-/gocryptotrader/currency/coinmarketcap/coinmarketcap.go:439.2,439.23 1 0
github.com/thrasher-/gocryptotrader/currency/coinmarketcap/coinmarketcap.go:418.16,420.3 1 1
github.com/thrasher-/gocryptotrader/currency/coinmarketcap/coinmarketcap.go:423.31,425.3 1 0
github.com/thrasher-/gocryptotrader/currency/coinmarketcap/coinmarketcap.go:431.16,433.3 1 0
github.com/thrasher-/gocryptotrader/currency/coinmarketcap/coinmarketcap.go:435.32,437.3 1 0
github.com/thrasher-/gocryptotrader/currency/coinmarketcap/coinmarketcap.go:450.83,457.16 3 1
github.com/thrasher-/gocryptotrader/currency/coinmarketcap/coinmarketcap.go:461.2,462.16 2 0
github.com/thrasher-/gocryptotrader/currency/coinmarketcap/coinmarketcap.go:466.2,466.16 1 0
github.com/thrasher-/gocryptotrader/currency/coinmarketcap/coinmarketcap.go:470.2,471.16 2 0
github.com/thrasher-/gocryptotrader/currency/coinmarketcap/coinmarketcap.go:475.2,475.32 1 0
github.com/thrasher-/gocryptotrader/currency/coinmarketcap/coinmarketcap.go:479.2,479.23 1 0
github.com/thrasher-/gocryptotrader/currency/coinmarketcap/coinmarketcap.go:457.16,459.3 1 1
github.com/thrasher-/gocryptotrader/currency/coinmarketcap/coinmarketcap.go:462.16,464.3 1 0
github.com/thrasher-/gocryptotrader/currency/coinmarketcap/coinmarketcap.go:466.16,468.3 1 0
github.com/thrasher-/gocryptotrader/currency/coinmarketcap/coinmarketcap.go:471.16,473.3 1 0
github.com/thrasher-/gocryptotrader/currency/coinmarketcap/coinmarketcap.go:475.32,477.3 1 0
github.com/thrasher-/gocryptotrader/currency/coinmarketcap/coinmarketcap.go:484.95,491.2 2 1
github.com/thrasher-/gocryptotrader/currency/coinmarketcap/coinmarketcap.go:495.87,502.2 2 1
github.com/thrasher-/gocryptotrader/currency/coinmarketcap/coinmarketcap.go:510.121,517.16 3 1
github.com/thrasher-/gocryptotrader/currency/coinmarketcap/coinmarketcap.go:521.2,524.16 3 0
github.com/thrasher-/gocryptotrader/currency/coinmarketcap/coinmarketcap.go:528.2,528.16 1 0
github.com/thrasher-/gocryptotrader/currency/coinmarketcap/coinmarketcap.go:532.2,533.16 2 0
github.com/thrasher-/gocryptotrader/currency/coinmarketcap/coinmarketcap.go:537.2,537.32 1 0
github.com/thrasher-/gocryptotrader/currency/coinmarketcap/coinmarketcap.go:541.2,541.23 1 0
github.com/thrasher-/gocryptotrader/currency/coinmarketcap/coinmarketcap.go:517.16,519.3 1 1
github.com/thrasher-/gocryptotrader/currency/coinmarketcap/coinmarketcap.go:524.16,526.3 1 0
github.com/thrasher-/gocryptotrader/currency/coinmarketcap/coinmarketcap.go:528.16,530.3 1 0
github.com/thrasher-/gocryptotrader/currency/coinmarketcap/coinmarketcap.go:533.16,535.3 1 0
github.com/thrasher-/gocryptotrader/currency/coinmarketcap/coinmarketcap.go:537.32,539.3 1 0
github.com/thrasher-/gocryptotrader/currency/coinmarketcap/coinmarketcap.go:548.100,555.16 3 1
github.com/thrasher-/gocryptotrader/currency/coinmarketcap/coinmarketcap.go:559.2,560.31 2 0
github.com/thrasher-/gocryptotrader/currency/coinmarketcap/coinmarketcap.go:564.2,568.16 4 0
github.com/thrasher-/gocryptotrader/currency/coinmarketcap/coinmarketcap.go:572.2,572.32 1 0
github.com/thrasher-/gocryptotrader/currency/coinmarketcap/coinmarketcap.go:576.2,576.23 1 0
github.com/thrasher-/gocryptotrader/currency/coinmarketcap/coinmarketcap.go:555.16,557.3 1 1
github.com/thrasher-/gocryptotrader/currency/coinmarketcap/coinmarketcap.go:560.31,562.3 1 0
github.com/thrasher-/gocryptotrader/currency/coinmarketcap/coinmarketcap.go:568.16,570.3 1 0
github.com/thrasher-/gocryptotrader/currency/coinmarketcap/coinmarketcap.go:572.32,574.3 1 0
github.com/thrasher-/gocryptotrader/currency/coinmarketcap/coinmarketcap.go:585.129,592.16 3 1
github.com/thrasher-/gocryptotrader/currency/coinmarketcap/coinmarketcap.go:596.2,600.20 4 0
github.com/thrasher-/gocryptotrader/currency/coinmarketcap/coinmarketcap.go:604.2,605.16 2 0
github.com/thrasher-/gocryptotrader/currency/coinmarketcap/coinmarketcap.go:609.2,609.32 1 0
github.com/thrasher-/gocryptotrader/currency/coinmarketcap/coinmarketcap.go:613.2,613.23 1 0
github.com/thrasher-/gocryptotrader/currency/coinmarketcap/coinmarketcap.go:592.16,594.3 1 1
github.com/thrasher-/gocryptotrader/currency/coinmarketcap/coinmarketcap.go:600.20,602.3 1 0
github.com/thrasher-/gocryptotrader/currency/coinmarketcap/coinmarketcap.go:605.16,607.3 1 0
github.com/thrasher-/gocryptotrader/currency/coinmarketcap/coinmarketcap.go:609.32,611.3 1 0
github.com/thrasher-/gocryptotrader/currency/coinmarketcap/coinmarketcap.go:618.87,625.16 3 1
github.com/thrasher-/gocryptotrader/currency/coinmarketcap/coinmarketcap.go:629.2,630.16 2 1
github.com/thrasher-/gocryptotrader/currency/coinmarketcap/coinmarketcap.go:634.2,634.32 1 0
github.com/thrasher-/gocryptotrader/currency/coinmarketcap/coinmarketcap.go:638.2,638.23 1 0
github.com/thrasher-/gocryptotrader/currency/coinmarketcap/coinmarketcap.go:625.16,627.3 1 0
github.com/thrasher-/gocryptotrader/currency/coinmarketcap/coinmarketcap.go:630.16,632.3 1 1
github.com/thrasher-/gocryptotrader/currency/coinmarketcap/coinmarketcap.go:634.32,636.3 1 0
github.com/thrasher-/gocryptotrader/currency/coinmarketcap/coinmarketcap.go:646.117,653.16 3 1
github.com/thrasher-/gocryptotrader/currency/coinmarketcap/coinmarketcap.go:657.2,660.20 3 0
github.com/thrasher-/gocryptotrader/currency/coinmarketcap/coinmarketcap.go:664.2,665.16 2 0
github.com/thrasher-/gocryptotrader/currency/coinmarketcap/coinmarketcap.go:669.2,669.32 1 0
github.com/thrasher-/gocryptotrader/currency/coinmarketcap/coinmarketcap.go:673.2,673.23 1 0
github.com/thrasher-/gocryptotrader/currency/coinmarketcap/coinmarketcap.go:653.16,655.3 1 1
github.com/thrasher-/gocryptotrader/currency/coinmarketcap/coinmarketcap.go:660.20,662.3 1 0
github.com/thrasher-/gocryptotrader/currency/coinmarketcap/coinmarketcap.go:665.16,667.3 1 0
github.com/thrasher-/gocryptotrader/currency/coinmarketcap/coinmarketcap.go:669.32,671.3 1 0
github.com/thrasher-/gocryptotrader/currency/coinmarketcap/coinmarketcap.go:685.129,692.16 3 1
github.com/thrasher-/gocryptotrader/currency/coinmarketcap/coinmarketcap.go:696.2,700.30 4 0
github.com/thrasher-/gocryptotrader/currency/coinmarketcap/coinmarketcap.go:704.2,705.16 2 0
github.com/thrasher-/gocryptotrader/currency/coinmarketcap/coinmarketcap.go:709.2,709.32 1 0
github.com/thrasher-/gocryptotrader/currency/coinmarketcap/coinmarketcap.go:713.2,713.23 1 0
github.com/thrasher-/gocryptotrader/currency/coinmarketcap/coinmarketcap.go:692.16,694.3 1 1
github.com/thrasher-/gocryptotrader/currency/coinmarketcap/coinmarketcap.go:700.30,702.3 1 0
github.com/thrasher-/gocryptotrader/currency/coinmarketcap/coinmarketcap.go:705.16,707.3 1 0
github.com/thrasher-/gocryptotrader/currency/coinmarketcap/coinmarketcap.go:709.32,711.3 1 0
github.com/thrasher-/gocryptotrader/currency/coinmarketcap/coinmarketcap.go:717.106,724.14 6 5
github.com/thrasher-/gocryptotrader/currency/coinmarketcap/coinmarketcap.go:728.2,736.9 1 5
github.com/thrasher-/gocryptotrader/currency/coinmarketcap/coinmarketcap.go:724.14,726.3 1 3
github.com/thrasher-/gocryptotrader/currency/coinmarketcap/coinmarketcap.go:742.68,743.27 1 16
github.com/thrasher-/gocryptotrader/currency/coinmarketcap/coinmarketcap.go:746.2,746.12 1 5
github.com/thrasher-/gocryptotrader/currency/coinmarketcap/coinmarketcap.go:743.27,745.3 1 11
github.com/thrasher-/gocryptotrader/currency/coinmarketcap/coinmarketcap.go:750.56,751.11 1 28
github.com/thrasher-/gocryptotrader/currency/coinmarketcap/coinmarketcap.go:767.2,767.12 1 27
github.com/thrasher-/gocryptotrader/currency/coinmarketcap/coinmarketcap.go:752.15,753.17 1 22
github.com/thrasher-/gocryptotrader/currency/coinmarketcap/coinmarketcap.go:754.18,755.20 1 1
github.com/thrasher-/gocryptotrader/currency/coinmarketcap/coinmarketcap.go:756.17,757.19 1 1
github.com/thrasher-/gocryptotrader/currency/coinmarketcap/coinmarketcap.go:758.18,759.20 1 1
github.com/thrasher-/gocryptotrader/currency/coinmarketcap/coinmarketcap.go:760.22,761.24 1 1
github.com/thrasher-/gocryptotrader/currency/coinmarketcap/coinmarketcap.go:762.20,763.22 1 1
github.com/thrasher-/gocryptotrader/currency/coinmarketcap/coinmarketcap.go:764.10,765.52 1 1
github.com/thrasher-/gocryptotrader/currency/forexprovider/fixer.io/fixer.go:52.51,53.50 1 1
github.com/thrasher-/gocryptotrader/currency/forexprovider/fixer.io/fixer.go:59.2,70.12 9 1
github.com/thrasher-/gocryptotrader/currency/forexprovider/fixer.io/fixer.go:53.50,58.3 2 0
github.com/thrasher-/gocryptotrader/currency/forexprovider/fixer.io/fixer.go:74.60,78.16 3 0
github.com/thrasher-/gocryptotrader/currency/forexprovider/fixer.io/fixer.go:82.2,82.19 1 0
github.com/thrasher-/gocryptotrader/currency/forexprovider/fixer.io/fixer.go:86.2,87.28 2 0
github.com/thrasher-/gocryptotrader/currency/forexprovider/fixer.io/fixer.go:91.2,91.24 1 0
github.com/thrasher-/gocryptotrader/currency/forexprovider/fixer.io/fixer.go:78.16,80.3 1 0
github.com/thrasher-/gocryptotrader/currency/forexprovider/fixer.io/fixer.go:82.19,84.3 1 0
github.com/thrasher-/gocryptotrader/currency/forexprovider/fixer.io/fixer.go:87.28,89.3 1 0
github.com/thrasher-/gocryptotrader/currency/forexprovider/fixer.io/fixer.go:95.84,97.16 2 1
github.com/thrasher-/gocryptotrader/currency/forexprovider/fixer.io/fixer.go:101.2,101.33 1 0
github.com/thrasher-/gocryptotrader/currency/forexprovider/fixer.io/fixer.go:105.2,106.26 2 0
github.com/thrasher-/gocryptotrader/currency/forexprovider/fixer.io/fixer.go:111.2,111.31 1 0
github.com/thrasher-/gocryptotrader/currency/forexprovider/fixer.io/fixer.go:97.16,99.3 1 1
github.com/thrasher-/gocryptotrader/currency/forexprovider/fixer.io/fixer.go:101.33,103.3 1 0
github.com/thrasher-/gocryptotrader/currency/forexprovider/fixer.io/fixer.go:106.26,109.3 2 0
github.com/thrasher-/gocryptotrader/currency/forexprovider/fixer.io/fixer.go:116.90,121.32 3 2
github.com/thrasher-/gocryptotrader/currency/forexprovider/fixer.io/fixer.go:124.2,127.16 3 2
github.com/thrasher-/gocryptotrader/currency/forexprovider/fixer.io/fixer.go:131.2,131.19 1 0
github.com/thrasher-/gocryptotrader/currency/forexprovider/fixer.io/fixer.go:135.2,135.24 1 0
github.com/thrasher-/gocryptotrader/currency/forexprovider/fixer.io/fixer.go:121.32,123.3 1 0
github.com/thrasher-/gocryptotrader/currency/forexprovider/fixer.io/fixer.go:127.16,129.3 1 2
github.com/thrasher-/gocryptotrader/currency/forexprovider/fixer.io/fixer.go:131.19,133.3 1 0
github.com/thrasher-/gocryptotrader/currency/forexprovider/fixer.io/fixer.go:143.109,149.24 4 1
github.com/thrasher-/gocryptotrader/currency/forexprovider/fixer.io/fixer.go:153.2,154.16 2 1
github.com/thrasher-/gocryptotrader/currency/forexprovider/fixer.io/fixer.go:158.2,158.19 1 0
github.com/thrasher-/gocryptotrader/currency/forexprovider/fixer.io/fixer.go:161.2,161.24 1 0
github.com/thrasher-/gocryptotrader/currency/forexprovider/fixer.io/fixer.go:149.24,151.3 1 1
github.com/thrasher-/gocryptotrader/currency/forexprovider/fixer.io/fixer.go:154.16,156.3 1 1
github.com/thrasher-/gocryptotrader/currency/forexprovider/fixer.io/fixer.go:158.19,160.3 1 0
github.com/thrasher-/gocryptotrader/currency/forexprovider/fixer.io/fixer.go:173.89,174.33 1 1
github.com/thrasher-/gocryptotrader/currency/forexprovider/fixer.io/fixer.go:178.2,187.16 8 0
github.com/thrasher-/gocryptotrader/currency/forexprovider/fixer.io/fixer.go:191.2,191.19 1 0
github.com/thrasher-/gocryptotrader/currency/forexprovider/fixer.io/fixer.go:194.2,194.25 1 0
github.com/thrasher-/gocryptotrader/currency/forexprovider/fixer.io/fixer.go:174.33,176.3 1 1
github.com/thrasher-/gocryptotrader/currency/forexprovider/fixer.io/fixer.go:187.16,189.3 1 0
github.com/thrasher-/gocryptotrader/currency/forexprovider/fixer.io/fixer.go:191.19,193.3 1 0
github.com/thrasher-/gocryptotrader/currency/forexprovider/fixer.io/fixer.go:199.126,200.40 1 1
github.com/thrasher-/gocryptotrader/currency/forexprovider/fixer.io/fixer.go:204.2,213.16 8 0
github.com/thrasher-/gocryptotrader/currency/forexprovider/fixer.io/fixer.go:217.2,217.19 1 0
github.com/thrasher-/gocryptotrader/currency/forexprovider/fixer.io/fixer.go:220.2,220.24 1 0
github.com/thrasher-/gocryptotrader/currency/forexprovider/fixer.io/fixer.go:200.40,202.3 1 1
github.com/thrasher-/gocryptotrader/currency/forexprovider/fixer.io/fixer.go:213.16,215.3 1 0
github.com/thrasher-/gocryptotrader/currency/forexprovider/fixer.io/fixer.go:217.19,219.3 1 0
github.com/thrasher-/gocryptotrader/currency/forexprovider/fixer.io/fixer.go:225.120,226.44 1 1
github.com/thrasher-/gocryptotrader/currency/forexprovider/fixer.io/fixer.go:230.2,239.16 8 0
github.com/thrasher-/gocryptotrader/currency/forexprovider/fixer.io/fixer.go:243.2,243.19 1 0
github.com/thrasher-/gocryptotrader/currency/forexprovider/fixer.io/fixer.go:246.2,246.24 1 0
github.com/thrasher-/gocryptotrader/currency/forexprovider/fixer.io/fixer.go:226.44,228.3 1 1
github.com/thrasher-/gocryptotrader/currency/forexprovider/fixer.io/fixer.go:239.16,241.3 1 0
github.com/thrasher-/gocryptotrader/currency/forexprovider/fixer.io/fixer.go:243.19,245.3 1 0
github.com/thrasher-/gocryptotrader/currency/forexprovider/fixer.io/fixer.go:250.94,255.33 4 3
github.com/thrasher-/gocryptotrader/currency/forexprovider/fixer.io/fixer.go:262.2,270.9 1 3
github.com/thrasher-/gocryptotrader/currency/forexprovider/fixer.io/fixer.go:255.33,257.3 1 3
github.com/thrasher-/gocryptotrader/currency/forexprovider/fixer.io/fixer.go:257.8,260.3 2 0
github.com/thrasher-/gocryptotrader/currency/forexprovider/exchangeratesapi.io/exchangeratesapi.go:36.59,47.2 7 1
github.com/thrasher-/gocryptotrader/currency/forexprovider/exchangeratesapi.io/exchangeratesapi.go:49.59,53.22 4 10
github.com/thrasher-/gocryptotrader/currency/forexprovider/exchangeratesapi.io/exchangeratesapi.go:76.2,76.45 1 10
github.com/thrasher-/gocryptotrader/currency/forexprovider/exchangeratesapi.io/exchangeratesapi.go:53.22,56.25 1 16
github.com/thrasher-/gocryptotrader/currency/forexprovider/exchangeratesapi.io/exchangeratesapi.go:69.3,69.61 1 11
github.com/thrasher-/gocryptotrader/currency/forexprovider/exchangeratesapi.io/exchangeratesapi.go:74.3,74.51 1 10
github.com/thrasher-/gocryptotrader/currency/forexprovider/exchangeratesapi.io/exchangeratesapi.go:56.25,57.25 1 13
github.com/thrasher-/gocryptotrader/currency/forexprovider/exchangeratesapi.io/exchangeratesapi.go:57.25,58.13 1 4
github.com/thrasher-/gocryptotrader/currency/forexprovider/exchangeratesapi.io/exchangeratesapi.go:60.9,63.18 1 3
github.com/thrasher-/gocryptotrader/currency/forexprovider/exchangeratesapi.io/exchangeratesapi.go:63.18,64.13 1 1
github.com/thrasher-/gocryptotrader/currency/forexprovider/exchangeratesapi.io/exchangeratesapi.go:69.61,72.12 2 1
github.com/thrasher-/gocryptotrader/currency/forexprovider/exchangeratesapi.io/exchangeratesapi.go:83.85,86.27 2 3
github.com/thrasher-/gocryptotrader/currency/forexprovider/exchangeratesapi.io/exchangeratesapi.go:90.2,90.22 1 3
github.com/thrasher-/gocryptotrader/currency/forexprovider/exchangeratesapi.io/exchangeratesapi.go:95.2,96.70 2 3
github.com/thrasher-/gocryptotrader/currency/forexprovider/exchangeratesapi.io/exchangeratesapi.go:86.27,88.3 1 2
github.com/thrasher-/gocryptotrader/currency/forexprovider/exchangeratesapi.io/exchangeratesapi.go:90.22,93.3 2 2
github.com/thrasher-/gocryptotrader/currency/forexprovider/exchangeratesapi.io/exchangeratesapi.go:105.114,109.22 3 2
github.com/thrasher-/gocryptotrader/currency/forexprovider/exchangeratesapi.io/exchangeratesapi.go:114.2,114.27 1 2
github.com/thrasher-/gocryptotrader/currency/forexprovider/exchangeratesapi.io/exchangeratesapi.go:118.2,118.48 1 2
github.com/thrasher-/gocryptotrader/currency/forexprovider/exchangeratesapi.io/exchangeratesapi.go:109.22,112.3 2 2
github.com/thrasher-/gocryptotrader/currency/forexprovider/exchangeratesapi.io/exchangeratesapi.go:114.27,116.3 1 2
github.com/thrasher-/gocryptotrader/currency/forexprovider/exchangeratesapi.io/exchangeratesapi.go:128.128,130.38 2 3
github.com/thrasher-/gocryptotrader/currency/forexprovider/exchangeratesapi.io/exchangeratesapi.go:134.2,138.27 4 2
github.com/thrasher-/gocryptotrader/currency/forexprovider/exchangeratesapi.io/exchangeratesapi.go:142.2,142.22 1 2
github.com/thrasher-/gocryptotrader/currency/forexprovider/exchangeratesapi.io/exchangeratesapi.go:147.2,147.64 1 2
github.com/thrasher-/gocryptotrader/currency/forexprovider/exchangeratesapi.io/exchangeratesapi.go:130.38,132.3 1 1
github.com/thrasher-/gocryptotrader/currency/forexprovider/exchangeratesapi.io/exchangeratesapi.go:138.27,140.3 1 2
github.com/thrasher-/gocryptotrader/currency/forexprovider/exchangeratesapi.io/exchangeratesapi.go:142.22,145.3 2 2
github.com/thrasher-/gocryptotrader/currency/forexprovider/exchangeratesapi.io/exchangeratesapi.go:151.92,153.16 2 1
[...]
github.com/thrasher-/gocryptotrader/exchanges/bithumb/bithumb.go:155.2,155.22 1 1
github.com/thrasher-/gocryptotrader/exchanges/bithumb/bithumb.go:147.16,149.3 1 0
github.com/thrasher-/gocryptotrader/exchanges/bithumb/bithumb.go:151.32,153.3 1 0
github.com/thrasher-/gocryptotrader/exchanges/bithumb/bithumb.go:161.84,166.16 4 1
github.com/thrasher-/gocryptotrader/exchanges/bithumb/bithumb.go:170.2,170.32 1 1
github.com/thrasher-/gocryptotrader/exchanges/bithumb/bithumb.go:174.2,174.22 1 1
github.com/thrasher-/gocryptotrader/exchanges/bithumb/bithumb.go:166.16,168.3 1 0
github.com/thrasher-/gocryptotrader/exchanges/bithumb/bithumb.go:170.32,172.3 1 0
github.com/thrasher-/gocryptotrader/exchanges/bithumb/bithumb.go:178.75,182.20 3 0
github.com/thrasher-/gocryptotrader/exchanges/bithumb/bithumb.go:186.2,187.65 1 0
github.com/thrasher-/gocryptotrader/exchanges/bithumb/bithumb.go:182.20,184.3 1 0
github.com/thrasher-/gocryptotrader/exchanges/bithumb/bithumb.go:191.68,202.13 4 1
github.com/thrasher-/gocryptotrader/exchanges/bithumb/bithumb.go:206.2,207.16 2 1
github.com/thrasher-/gocryptotrader/exchanges/bithumb/bithumb.go:213.2,213.40 1 0
github.com/thrasher-/gocryptotrader/exchanges/bithumb/bithumb.go:248.2,248.25 1 0
github.com/thrasher-/gocryptotrader/exchanges/bithumb/bithumb.go:202.13,204.3 1 1
github.com/thrasher-/gocryptotrader/exchanges/bithumb/bithumb.go:207.16,209.3 1 1
github.com/thrasher-/gocryptotrader/exchanges/bithumb/bithumb.go:213.40,217.50 4 0
github.com/thrasher-/gocryptotrader/exchanges/bithumb/bithumb.go:226.3,226.22 1 0
github.com/thrasher-/gocryptotrader/exchanges/bithumb/bithumb.go:217.50,219.18 2 0
github.com/thrasher-/gocryptotrader/exchanges/bithumb/bithumb.go:219.18,221.5 1 0
github.com/thrasher-/gocryptotrader/exchanges/bithumb/bithumb.go:222.9,224.4 1 0
github.com/thrasher-/gocryptotrader/exchanges/bithumb/bithumb.go:227.20,228.34 1 0
github.com/thrasher-/gocryptotrader/exchanges/bithumb/bithumb.go:230.13,231.30 1 0
github.com/thrasher-/gocryptotrader/exchanges/bithumb/bithumb.go:233.16,234.30 1 0
github.com/thrasher-/gocryptotrader/exchanges/bithumb/bithumb.go:236.15,237.29 1 0
github.com/thrasher-/gocryptotrader/exchanges/bithumb/bithumb.go:239.16,240.30 1 0
github.com/thrasher-/gocryptotrader/exchanges/bithumb/bithumb.go:242.11,244.14 1 0
github.com/thrasher-/gocryptotrader/exchanges/bithumb/bithumb.go:254.79,260.16 5 1
github.com/thrasher-/gocryptotrader/exchanges/bithumb/bithumb.go:264.2,264.39 1 0
github.com/thrasher-/gocryptotrader/exchanges/bithumb/bithumb.go:270.2,270.22 1 0
github.com/thrasher-/gocryptotrader/exchanges/bithumb/bithumb.go:260.16,262.3 1 1
github.com/thrasher-/gocryptotrader/exchanges/bithumb/bithumb.go:264.39,268.3 1 0
github.com/thrasher-/gocryptotrader/exchanges/bithumb/bithumb.go:274.71,279.2 2 1
github.com/thrasher-/gocryptotrader/exchanges/bithumb/bithumb.go:288.102,292.22 3 4
github.com/thrasher-/gocryptotrader/exchanges/bithumb/bithumb.go:296.2,296.30 1 4
github.com/thrasher-/gocryptotrader/exchanges/bithumb/bithumb.go:300.2,300.20 1 4
github.com/thrasher-/gocryptotrader/exchanges/bithumb/bithumb.go:304.2,304.20 1 4
github.com/thrasher-/gocryptotrader/exchanges/bithumb/bithumb.go:308.2,308.23 1 4
github.com/thrasher-/gocryptotrader/exchanges/bithumb/bithumb.go:312.2,313.67 1 4
github.com/thrasher-/gocryptotrader/exchanges/bithumb/bithumb.go:292.22,294.3 1 1
github.com/thrasher-/gocryptotrader/exchanges/bithumb/bithumb.go:296.30,298.3 1 1
github.com/thrasher-/gocryptotrader/exchanges/bithumb/bithumb.go:300.20,302.3 1 4
github.com/thrasher-/gocryptotrader/exchanges/bithumb/bithumb.go:304.20,306.3 1 0
github.com/thrasher-/gocryptotrader/exchanges/bithumb/bithumb.go:308.23,310.3 1 2
github.com/thrasher-/gocryptotrader/exchanges/bithumb/bithumb.go:317.67,322.2 2 1
github.com/thrasher-/gocryptotrader/exchanges/bithumb/bithumb.go:331.117,343.2 8 1
github.com/thrasher-/gocryptotrader/exchanges/bithumb/bithumb.go:346.127,359.2 9 1
github.com/thrasher-/gocryptotrader/exchanges/bithumb/bithumb.go:367.100,377.2 6 1
github.com/thrasher-/gocryptotrader/exchanges/bithumb/bithumb.go:384.96,394.2 6 2
github.com/thrasher-/gocryptotrader/exchanges/bithumb/bithumb.go:404.110,409.26 4 2
github.com/thrasher-/gocryptotrader/exchanges/bithumb/bithumb.go:412.2,416.72 3 2
github.com/thrasher-/gocryptotrader/exchanges/bithumb/bithumb.go:409.26,411.3 1 0
github.com/thrasher-/gocryptotrader/exchanges/bithumb/bithumb.go:421.66,426.2 2 0
github.com/thrasher-/gocryptotrader/exchanges/bithumb/bithumb.go:433.95,443.2 6 1
github.com/thrasher-/gocryptotrader/exchanges/bithumb/bithumb.go:450.85,459.2 5 1
github.com/thrasher-/gocryptotrader/exchanges/bithumb/bithumb.go:466.87,475.2 5 1
github.com/thrasher-/gocryptotrader/exchanges/bithumb/bithumb.go:478.74,480.2 1 5
github.com/thrasher-/gocryptotrader/exchanges/bithumb/bithumb.go:483.106,484.36 1 18
github.com/thrasher-/gocryptotrader/exchanges/bithumb/bithumb.go:488.2,488.19 1 0
github.com/thrasher-/gocryptotrader/exchanges/bithumb/bithumb.go:492.2,524.16 15 0
github.com/thrasher-/gocryptotrader/exchanges/bithumb/bithumb.go:528.2,529.16 2 0
github.com/thrasher-/gocryptotrader/exchanges/bithumb/bithumb.go:537.2,537.48 1 0
github.com/thrasher-/gocryptotrader/exchanges/bithumb/bithumb.go:484.36,486.3 1 18
github.com/thrasher-/gocryptotrader/exchanges/bithumb/bithumb.go:488.19,490.3 1 0
github.com/thrasher-/gocryptotrader/exchanges/bithumb/bithumb.go:524.16,526.3 1 0
github.com/thrasher-/gocryptotrader/exchanges/bithumb/bithumb.go:529.16,530.61 1 0
github.com/thrasher-/gocryptotrader/exchanges/bithumb/bithumb.go:530.61,534.4 1 0
github.com/thrasher-/gocryptotrader/exchanges/bithumb/bithumb.go:541.76,544.28 2 9
github.com/thrasher-/gocryptotrader/exchanges/bithumb/bithumb.go:556.2,556.13 1 9
github.com/thrasher-/gocryptotrader/exchanges/bithumb/bithumb.go:559.2,559.17 1 9
github.com/thrasher-/gocryptotrader/exchanges/bithumb/bithumb.go:545.39,546.73 1 4
github.com/thrasher-/gocryptotrader/exchanges/bithumb/bithumb.go:547.40,548.63 1 1
github.com/thrasher-/gocryptotrader/exchanges/bithumb/bithumb.go:549.44,550.47 1 1
github.com/thrasher-/gocryptotrader/exchanges/bithumb/bithumb.go:551.47,552.50 1 1
github.com/thrasher-/gocryptotrader/exchanges/bithumb/bithumb.go:553.32,554.73 1 1
github.com/thrasher-/gocryptotrader/exchanges/bithumb/bithumb.go:556.13,558.3 1 1
github.com/thrasher-/gocryptotrader/exchanges/bithumb/bithumb.go:563.65,565.2 1 5
github.com/thrasher-/gocryptotrader/exchanges/bithumb/bithumb.go:568.61,571.11 2 1
github.com/thrasher-/gocryptotrader/exchanges/bithumb/bithumb.go:598.2,598.12 1 1
github.com/thrasher-/gocryptotrader/exchanges/bithumb/bithumb.go:572.20,573.22 1 1
github.com/thrasher-/gocryptotrader/exchanges/bithumb/bithumb.go:576.20,577.20 1 0
github.com/thrasher-/gocryptotrader/exchanges/bithumb/bithumb.go:580.21,581.21 1 0
github.com/thrasher-/gocryptotrader/exchanges/bithumb/bithumb.go:584.20,585.21 1 0
github.com/thrasher-/gocryptotrader/exchanges/bithumb/bithumb.go:588.20,589.21 1 0
github.com/thrasher-/gocryptotrader/exchanges/bithumb/bithumb.go:592.20,593.21 1 0
github.com/thrasher-/gocryptotrader/exchanges/bithumb/bithumb.go:573.22,575.4 1 0
github.com/thrasher-/gocryptotrader/exchanges/bithumb/bithumb.go:577.20,579.4 1 0
github.com/thrasher-/gocryptotrader/exchanges/bithumb/bithumb.go:581.21,583.4 1 0
github.com/thrasher-/gocryptotrader/exchanges/bithumb/bithumb.go:585.21,587.4 1 0
github.com/thrasher-/gocryptotrader/exchanges/bithumb/bithumb.go:589.21,591.4 1 0
github.com/thrasher-/gocryptotrader/exchanges/bithumb/bithumb.go:593.21,595.4 1 0
github.com/thrasher-/gocryptotrader/exchanges/bithumb/bithumb.go:602.48,604.2 1 2
github.com/thrasher-/gocryptotrader/exchanges/bitflyer/bitflyer_wrapper.go:21.71,29.16 7 0
github.com/thrasher-/gocryptotrader/exchanges/bitflyer/bitflyer_wrapper.go:33.2,33.58 1 0
github.com/thrasher-/gocryptotrader/exchanges/bitflyer/bitflyer_wrapper.go:40.2,40.21 1 0
github.com/thrasher-/gocryptotrader/exchanges/bitflyer/bitflyer_wrapper.go:29.16,31.3 1 0
github.com/thrasher-/gocryptotrader/exchanges/bitflyer/bitflyer_wrapper.go:33.58,35.17 2 0
github.com/thrasher-/gocryptotrader/exchanges/bitflyer/bitflyer_wrapper.go:35.17,37.4 1 0
github.com/thrasher-/gocryptotrader/exchanges/bitflyer/bitflyer_wrapper.go:44.34,92.2 12 11
github.com/thrasher-/gocryptotrader/exchanges/bitflyer/bitflyer_wrapper.go:95.61,96.19 1 10
github.com/thrasher-/gocryptotrader/exchanges/bitflyer/bitflyer_wrapper.go:101.2,101.30 1 10
github.com/thrasher-/gocryptotrader/exchanges/bitflyer/bitflyer_wrapper.go:96.19,99.3 2 0
github.com/thrasher-/gocryptotrader/exchanges/bitflyer/bitflyer_wrapper.go:105.46,107.12 2 0
github.com/thrasher-/gocryptotrader/exchanges/bitflyer/bitflyer_wrapper.go:107.12,110.3 2 0
github.com/thrasher-/gocryptotrader/exchanges/bitflyer/bitflyer_wrapper.go:114.26,115.15 1 0
github.com/thrasher-/gocryptotrader/exchanges/bitflyer/bitflyer_wrapper.go:119.2,119.45 1 0
github.com/thrasher-/gocryptotrader/exchanges/bitflyer/bitflyer_wrapper.go:123.2,124.16 2 0
github.com/thrasher-/gocryptotrader/exchanges/bitflyer/bitflyer_wrapper.go:115.15,117.3 1 0
github.com/thrasher-/gocryptotrader/exchanges/bitflyer/bitflyer_wrapper.go:119.45,121.3 1 0
github.com/thrasher-/gocryptotrader/exchanges/bitflyer/bitflyer_wrapper.go:124.16,126.3 1 0
github.com/thrasher-/gocryptotrader/exchanges/bitflyer/bitflyer_wrapper.go:130.79,132.16 2 0
github.com/thrasher-/gocryptotrader/exchanges/bitflyer/bitflyer_wrapper.go:136.2,137.29 2 0
github.com/thrasher-/gocryptotrader/exchanges/bitflyer/bitflyer_wrapper.go:144.2,144.22 1 0
github.com/thrasher-/gocryptotrader/exchanges/bitflyer/bitflyer_wrapper.go:132.16,134.3 1 0
github.com/thrasher-/gocryptotrader/exchanges/bitflyer/bitflyer_wrapper.go:137.29,138.53 1 0
github.com/thrasher-/gocryptotrader/exchanges/bitflyer/bitflyer_wrapper.go:138.53,140.4 1 0
github.com/thrasher-/gocryptotrader/exchanges/bitflyer/bitflyer_wrapper.go:140.9,140.100 1 0
github.com/thrasher-/gocryptotrader/exchanges/bitflyer/bitflyer_wrapper.go:140.100,142.4 1 0
github.com/thrasher-/gocryptotrader/exchanges/bitflyer/bitflyer_wrapper.go:149.64,150.44 1 0
github.com/thrasher-/gocryptotrader/exchanges/bitflyer/bitflyer_wrapper.go:162.2,162.12 1 0
github.com/thrasher-/gocryptotrader/exchanges/bitflyer/bitflyer_wrapper.go:150.44,153.17 3 0
github.com/thrasher-/gocryptotrader/exchanges/bitflyer/bitflyer_wrapper.go:157.3,158.17 2 0
github.com/thrasher-/gocryptotrader/exchanges/bitflyer/bitflyer_wrapper.go:153.17,155.4 1 0
github.com/thrasher-/gocryptotrader/exchanges/bitflyer/bitflyer_wrapper.go:158.17,160.4 1 0
github.com/thrasher-/gocryptotrader/exchanges/bitflyer/bitflyer_wrapper.go:166.94,172.16 4 1
github.com/thrasher-/gocryptotrader/exchanges/bitflyer/bitflyer_wrapper.go:176.2,184.16 7 1
github.com/thrasher-/gocryptotrader/exchanges/bitflyer/bitflyer_wrapper.go:188.2,188.47 1 1
github.com/thrasher-/gocryptotrader/exchanges/bitflyer/bitflyer_wrapper.go:172.16,174.3 1 0
github.com/thrasher-/gocryptotrader/exchanges/bitflyer/bitflyer_wrapper.go:184.16,186.3 1 0
github.com/thrasher-/gocryptotrader/exchanges/bitflyer/bitflyer_wrapper.go:192.93,194.16 2 1
github.com/thrasher-/gocryptotrader/exchanges/bitflyer/bitflyer_wrapper.go:197.2,197.18 1 0
github.com/thrasher-/gocryptotrader/exchanges/bitflyer/bitflyer_wrapper.go:194.16,196.3 1 1
github.com/thrasher-/gocryptotrader/exchanges/bitflyer/bitflyer_wrapper.go:201.65,202.45 1 2
github.com/thrasher-/gocryptotrader/exchanges/bitflyer/bitflyer_wrapper.go:206.2,206.10 1 0
github.com/thrasher-/gocryptotrader/exchanges/bitflyer/bitflyer_wrapper.go:202.45,205.3 2 2
github.com/thrasher-/gocryptotrader/exchanges/bitflyer/bitflyer_wrapper.go:210.98,212.16 2 0
github.com/thrasher-/gocryptotrader/exchanges/bitflyer/bitflyer_wrapper.go:215.2,215.16 1 0
github.com/thrasher-/gocryptotrader/exchanges/bitflyer/bitflyer_wrapper.go:212.16,214.3 1 0
github.com/thrasher-/gocryptotrader/exchanges/bitflyer/bitflyer_wrapper.go:219.99,225.16 4 0
github.com/thrasher-/gocryptotrader/exchanges/bitflyer/bitflyer_wrapper.go:229.2,229.35 1 0
github.com/thrasher-/gocryptotrader/exchanges/bitflyer/bitflyer_wrapper.go:233.2,233.35 1 0
github.com/thrasher-/gocryptotrader/exchanges/bitflyer/bitflyer_wrapper.go:237.2,242.16 5 0
github.com/thrasher-/gocryptotrader/exchanges/bitflyer/bitflyer_wrapper.go:246.2,246.44 1 0
github.com/thrasher-/gocryptotrader/exchanges/bitflyer/bitflyer_wrapper.go:225.16,227.3 1 0
github.com/thrasher-/gocryptotrader/exchanges/bitflyer/bitflyer_wrapper.go:229.35,231.3 1 0
github.com/thrasher-/gocryptotrader/exchanges/bitflyer/bitflyer_wrapper.go:233.35,235.3 1 0
github.com/thrasher-/gocryptotrader/exchanges/bitflyer/bitflyer_wrapper.go:242.16,244.3 1 0
github.com/thrasher-/gocryptotrader/exchanges/bitflyer/bitflyer_wrapper.go:251.67,258.16 3 0
github.com/thrasher-/gocryptotrader/exchanges/bitflyer/bitflyer_wrapper.go:264.2,264.22 1 0
github.com/thrasher-/gocryptotrader/exchanges/bitflyer/bitflyer_wrapper.go:258.16,260.3 1 0
github.com/thrasher-/gocryptotrader/exchanges/bitflyer/bitflyer_wrapper.go:269.72,272.2 2 0
github.com/thrasher-/gocryptotrader/exchanges/bitflyer/bitflyer_wrapper.go:275.111,277.2 1 0
github.com/thrasher-/gocryptotrader/exchanges/bitflyer/bitflyer_wrapper.go:280.103,282.2 1 1
github.com/thrasher-/gocryptotrader/exchanges/bitflyer/bitflyer_wrapper.go:286.78,288.2 1 1
github.com/thrasher-/gocryptotrader/exchanges/bitflyer/bitflyer_wrapper.go:291.73,293.2 1 1
github.com/thrasher-/gocryptotrader/exchanges/bitflyer/bitflyer_wrapper.go:296.109,300.2 2 1
github.com/thrasher-/gocryptotrader/exchanges/bitflyer/bitflyer_wrapper.go:303.79,306.2 2 0
github.com/thrasher-/gocryptotrader/exchanges/bitflyer/bitflyer_wrapper.go:309.102,311.2 1 0
github.com/thrasher-/gocryptotrader/exchanges/bitflyer/bitflyer_wrapper.go:315.113,317.2 1 1
github.com/thrasher-/gocryptotrader/exchanges/bitflyer/bitflyer_wrapper.go:321.101,323.2 1 1
github.com/thrasher-/gocryptotrader/exchanges/bitflyer/bitflyer_wrapper.go:327.120,329.2 1 1
github.com/thrasher-/gocryptotrader/exchanges/bitflyer/bitflyer_wrapper.go:332.64,334.2 1 0
github.com/thrasher-/gocryptotrader/exchanges/bitflyer/bitflyer_wrapper.go:337.113,339.2 1 1
github.com/thrasher-/gocryptotrader/exchanges/bitflyer/bitflyer_wrapper.go:343.113,345.2 1 1
github.com/thrasher-/gocryptotrader/exchanges/bitflyer/bitflyer_wrapper.go:348.83,350.57 1 1
github.com/thrasher-/gocryptotrader/exchanges/bitflyer/bitflyer_wrapper.go:353.2,353.29 1 1
github.com/thrasher-/gocryptotrader/exchanges/bitflyer/bitflyer_wrapper.go:350.57,352.3 1 1
github.com/thrasher-/gocryptotrader/exchanges/bitflyer/bitflyer_wrapper.go:358.105,360.2 1 0
github.com/thrasher-/gocryptotrader/exchanges/bitflyer/bitflyer_wrapper.go:364.107,366.2 1 0
github.com/thrasher-/gocryptotrader/exchanges/bitflyer/bitflyer.go:75.67,80.2 3 1
github.com/thrasher-/gocryptotrader/exchanges/bitflyer/bitflyer.go:84.77,89.2 3 1
github.com/thrasher-/gocryptotrader/exchanges/bitflyer/bitflyer.go:93.81,98.2 3 1
github.com/thrasher-/gocryptotrader/exchanges/bitflyer/bitflyer.go:102.92,107.2 3 1
github.com/thrasher-/gocryptotrader/exchanges/bitflyer/bitflyer.go:111.85,116.2 3 1
github.com/thrasher-/gocryptotrader/exchanges/bitflyer/bitflyer.go:119.55,124.2 3 1
github.com/thrasher-/gocryptotrader/exchanges/bitflyer/bitflyer.go:127.67,134.2 5 1
github.com/thrasher-/gocryptotrader/exchanges/bitflyer/bitflyer.go:137.61,144.2 5 2
github.com/thrasher-/gocryptotrader/exchanges/bitflyer/bitflyer.go:147.80,154.2 5 1
github.com/thrasher-/gocryptotrader/exchanges/bitflyer/bitflyer.go:157.56,163.16 4 1
github.com/thrasher-/gocryptotrader/exchanges/bitflyer/bitflyer.go:167.2,167.24 1 1
github.com/thrasher-/gocryptotrader/exchanges/bitflyer/bitflyer.go:178.2,178.22 1 1
github.com/thrasher-/gocryptotrader/exchanges/bitflyer/bitflyer.go:163.16,165.3 1 0
github.com/thrasher-/gocryptotrader/exchanges/bitflyer/bitflyer.go:168.14,169.58 1 0
github.com/thrasher-/gocryptotrader/exchanges/bitflyer/bitflyer.go:170.19,171.59 1 0
github.com/thrasher-/gocryptotrader/exchanges/bitflyer/bitflyer.go:172.20,173.146 1 0
github.com/thrasher-/gocryptotrader/exchanges/bitflyer/bitflyer.go:174.14,175.90 1 0
github.com/thrasher-/gocryptotrader/exchanges/bitflyer/bitflyer.go:183.65,189.2 5 0
github.com/thrasher-/gocryptotrader/exchanges/bitflyer/bitflyer.go:193.38,195.2 0 0
github.com/thrasher-/gocryptotrader/exchanges/bitflyer/bitflyer.go:198.41,200.2 0 0
github.com/thrasher-/gocryptotrader/exchanges/bitflyer/bitflyer.go:203.39,205.2 0 0
github.com/thrasher-/gocryptotrader/exchanges/bitflyer/bitflyer.go:208.45,210.2 0 0
github.com/thrasher-/gocryptotrader/exchanges/bitflyer/bitflyer.go:213.47,215.2 0 0
github.com/thrasher-/gocryptotrader/exchanges/bitflyer/bitflyer.go:218.41,220.2 0 0
github.com/thrasher-/gocryptotrader/exchanges/bitflyer/bitflyer.go:223.45,225.2 0 0
github.com/thrasher-/gocryptotrader/exchanges/bitflyer/bitflyer.go:228.41,230.2 0 0
github.com/thrasher-/gocryptotrader/exchanges/bitflyer/bitflyer.go:233.39,235.2 0 0
github.com/thrasher-/gocryptotrader/exchanges/bitflyer/bitflyer.go:238.37,240.2 0 0
github.com/thrasher-/gocryptotrader/exchanges/bitflyer/bitflyer.go:243.53,245.2 0 0
github.com/thrasher-/gocryptotrader/exchanges/bitflyer/bitflyer.go:248.33,250.2 0 0
github.com/thrasher-/gocryptotrader/exchanges/bitflyer/bitflyer.go:253.43,255.2 0 0
github.com/thrasher-/gocryptotrader/exchanges/bitflyer/bitflyer.go:258.39,260.2 0 0
github.com/thrasher-/gocryptotrader/exchanges/bitflyer/bitflyer.go:263.41,265.2 0 0
github.com/thrasher-/gocryptotrader/exchanges/bitflyer/bitflyer.go:268.47,270.2 0 1
github.com/thrasher-/gocryptotrader/exchanges/bitflyer/bitflyer.go:273.36,275.2 0 0
github.com/thrasher-/gocryptotrader/exchanges/bitflyer/bitflyer.go:278.39,280.2 0 0
github.com/thrasher-/gocryptotrader/exchanges/bitflyer/bitflyer.go:283.45,285.2 0 0
github.com/thrasher-/gocryptotrader/exchanges/bitflyer/bitflyer.go:288.37,290.2 0 0
github.com/thrasher-/gocryptotrader/exchanges/bitflyer/bitflyer.go:293.39,295.2 0 0
github.com/thrasher-/gocryptotrader/exchanges/bitflyer/bitflyer.go:298.39,300.2 0 0
github.com/thrasher-/gocryptotrader/exchanges/bitflyer/bitflyer.go:303.44,305.2 0 0
github.com/thrasher-/gocryptotrader/exchanges/bitflyer/bitflyer.go:308.75,310.2 1 11
github.com/thrasher-/gocryptotrader/exchanges/bitflyer/bitflyer.go:316.43,320.2 0 0
github.com/thrasher-/gocryptotrader/exchanges/bitflyer/bitflyer.go:324.77,327.28 2 4
github.com/thrasher-/gocryptotrader/exchanges/bitflyer/bitflyer.go:337.2,337.13 1 4
github.com/thrasher-/gocryptotrader/exchanges/bitflyer/bitflyer.go:340.2,340.17 1 4
github.com/thrasher-/gocryptotrader/exchanges/bitflyer/bitflyer.go:328.39,329.73 1 0
github.com/thrasher-/gocryptotrader/exchanges/bitflyer/bitflyer.go:330.44,331.79 1 1
github.com/thrasher-/gocryptotrader/exchanges/bitflyer/bitflyer.go:332.47,333.101 1 1
github.com/thrasher-/gocryptotrader/exchanges/bitflyer/bitflyer.go:334.32,335.73 1 1
github.com/thrasher-/gocryptotrader/exchanges/bitflyer/bitflyer.go:337.13,339.3 1 0
github.com/thrasher-/gocryptotrader/exchanges/bitflyer/bitflyer.go:344.57,347.2 1 1
github.com/thrasher-/gocryptotrader/exchanges/bitflyer/bitflyer.go:349.114,350.50 1 1
github.com/thrasher-/gocryptotrader/exchanges/bitflyer/bitflyer.go:355.2,355.12 1 1
github.com/thrasher-/gocryptotrader/exchanges/bitflyer/bitflyer.go:350.50,351.34 1 1
github.com/thrasher-/gocryptotrader/exchanges/bitflyer/bitflyer.go:351.34,353.4 1 1
github.com/thrasher-/gocryptotrader/exchanges/bitflyer/bitflyer.go:358.133,359.50 1 1
github.com/thrasher-/gocryptotrader/exchanges/bitflyer/bitflyer.go:368.2,368.12 1 1
github.com/thrasher-/gocryptotrader/exchanges/bitflyer/bitflyer.go:359.50,360.34 1 1
github.com/thrasher-/gocryptotrader/exchanges/bitflyer/bitflyer.go:360.34,361.22 1 1
github.com/thrasher-/gocryptotrader/exchanges/bitflyer/bitflyer.go:361.22,363.5 1 1
github.com/thrasher-/gocryptotrader/exchanges/bitflyer/bitflyer.go:363.10,365.5 1 0
